2026-02-14 10:52:34 INFO  o.h.validator.internal.util.Version - HV000001: Hibernate Validator 8.0.2.Final
2026-02-14 10:52:34 INFO  com.example.demo.DemoApplication - Starting DemoApplication using Java 21.0.8 with PID 25384 (C:\Users\LAPPY SHOP\Documents\workspace-spring-tools-for-eclipse-4.32.0.RELEASE\Plans_Api\target\classes started by LAPPY SHOP in C:\Users\LAPPY SHOP\Documents\workspace-spring-tools-for-eclipse-4.32.0.RELEASE\Plans_Api)
2026-02-14 10:52:34 INFO  com.example.demo.DemoApplication - No active profile set, falling back to 1 default profile: "default"
2026-02-14 10:52:35 INFO  o.s.b.d.e.DevToolsPropertyDefaultsPostProcessor - Devtools property defaults active! Set 'spring.devtools.add-properties' to 'false' to disable
2026-02-14 10:52:35 INFO  o.s.b.d.e.DevToolsPropertyDefaultsPostProcessor - For additional web related logging consider setting the 'logging.level.web' property to 'DEBUG'
2026-02-14 10:52:42 INFO  o.s.d.r.c.RepositoryConfigurationDelegate - Bootstrapping Spring Data JPA repositories in DEFAULT mode.
2026-02-14 10:52:43 INFO  o.s.d.r.c.RepositoryConfigurationDelegate - Finished Spring Data repository scanning in 839 ms. Found 1 JPA repository interface.
2026-02-14 10:52:44 INFO  o.s.cloud.context.scope.GenericScope - BeanFactory id=d1876aea-568d-340e-9171-8be385f8ece4
2026-02-14 10:52:48 INFO  o.s.b.w.e.tomcat.TomcatWebServer - Tomcat initialized with port 8081 (http)
2026-02-14 10:52:48 INFO  o.a.coyote.http11.Http11NioProtocol - Initializing ProtocolHandler ["http-nio-8081"]
2026-02-14 10:52:48 INFO  o.a.catalina.core.StandardService - Starting service [Tomcat]
2026-02-14 10:52:48 INFO  o.a.catalina.core.StandardEngine - Starting Servlet engine: [Apache Tomcat/10.1.36]
2026-02-14 10:52:49 INFO  o.a.c.c.C.[Tomcat].[localhost].[/] - Initializing Spring embedded WebApplicationContext
2026-02-14 10:52:49 INFO  o.s.b.w.s.c.ServletWebServerApplicationContext - Root WebApplicationContext: initialization completed in 14061 ms
2026-02-14 10:52:51 INFO  o.h.jpa.internal.util.LogHelper - HHH000204: Processing PersistenceUnitInfo [name: default]
2026-02-14 10:52:52 INFO  org.hibernate.Version - HHH000412: Hibernate ORM core version 6.6.8.Final
2026-02-14 10:52:52 INFO  o.h.c.i.RegionFactoryInitiator - HHH000026: Second-level cache disabled
2026-02-14 10:52:54 INFO  o.s.o.j.p.SpringPersistenceUnitInfo - No LoadTimeWeaver setup: ignoring JPA class transformer
2026-02-14 10:52:54 INFO  com.zaxxer.hikari.HikariDataSource - HikariPool-1 - Starting...
2026-02-14 10:52:55 INFO  com.zaxxer.hikari.pool.HikariPool - HikariPool-1 - Added connection com.mysql.cj.jdbc.ConnectionImpl@6bbd1fb1
2026-02-14 10:52:55 INFO  com.zaxxer.hikari.HikariDataSource - HikariPool-1 - Start completed.
2026-02-14 10:52:56 WARN  org.hibernate.orm.deprecation - HHH90000025: MySQL8Dialect does not need to be specified explicitly using 'hibernate.dialect' (remove the property setting and it will be selected by default)
2026-02-14 10:52:56 WARN  org.hibernate.orm.deprecation - HHH90000026: MySQL8Dialect has been deprecated; use org.hibernate.dialect.MySQLDialect instead
2026-02-14 10:52:56 INFO  o.hibernate.orm.connections.pooling - HHH10001005: Database info:
	Database JDBC URL [Connecting through datasource 'HikariDataSource (HikariPool-1)']
	Database driver: undefined/unknown
	Database version: 8.0
	Autocommit mode: undefined/unknown
	Isolation level: undefined/unknown
	Minimum pool size: undefined/unknown
	Maximum pool size: undefined/unknown
2026-02-14 10:53:02 INFO  o.h.e.t.j.p.i.JtaPlatformInitiator - HHH000489: No JTA platform available (set 'hibernate.transaction.jta.platform' to enable JTA platform integration)
2026-02-14 10:53:02 INFO  o.s.o.j.LocalContainerEntityManagerFactoryBean - Initialized JPA EntityManagerFactory for persistence unit 'default'
2026-02-14 10:53:04 INFO  o.s.d.j.r.query.QueryEnhancerFactory - Hibernate is in classpath; If applicable, HQL parser will be used.
2026-02-14 10:53:07 WARN  o.s.b.a.o.j.JpaBaseConfiguration$JpaWebConfiguration - spring.jpa.open-in-view is enabled by default. Therefore, database queries may be performed during view rendering. Explicitly configure spring.jpa.open-in-view to disable this warning
2026-02-14 10:53:08 WARN  o.s.b.a.s.s.UserDetailsServiceAutoConfiguration - 

Using generated security password: 29502ed7-f4ea-450e-a394-ee39194fa612

This generated password is for development use only. Your security configuration must be updated before running your application in production.

2026-02-14 10:53:08 INFO  o.s.s.c.a.a.c.InitializeUserDetailsBeanManagerConfigurer$InitializeUserDetailsManagerConfigurer - Global AuthenticationManager configured with UserDetailsService bean with name inMemoryUserDetailsManager
2026-02-14 10:53:11 INFO  o.s.b.a.e.web.EndpointLinksResolver - Exposing 1 endpoint beneath base path '/actuator'
2026-02-14 10:53:15 WARN  o.s.b.d.a.OptionalLiveReloadServer - Unable to start LiveReload server
2026-02-14 10:53:15 INFO  o.s.c.n.e.c.DiscoveryClientOptionalArgsConfiguration - Eureka HTTP Client uses RestTemplate.
2026-02-14 10:53:15 WARN  o.s.c.l.c.LoadBalancerCacheAutoConfiguration$LoadBalancerCaffeineWarnLogger - Spring Cloud LoadBalancer is currently working with the default cache. While this cache implementation is useful for development and tests, it's recommended to use Caffeine cache in production.You can switch to using Caffeine cache, by adding it and org.springframework.cache.caffeine.CaffeineCacheManager to the classpath.
2026-02-14 10:53:16 INFO  o.s.c.n.eureka.InstanceInfoFactory - Setting initial instance status as: STARTING
2026-02-14 10:53:16 INFO  c.netflix.discovery.DiscoveryClient - Initializing Eureka in region us-east-1
2026-02-14 10:53:16 INFO  c.n.d.s.r.aws.ConfigClusterResolver - Resolving eureka endpoints via configuration
2026-02-14 10:53:16 INFO  c.netflix.discovery.DiscoveryClient - Disable delta property : false
2026-02-14 10:53:16 INFO  c.netflix.discovery.DiscoveryClient - Single vip registry refresh property : null
2026-02-14 10:53:16 INFO  c.netflix.discovery.DiscoveryClient - Force full registry fetch : false
2026-02-14 10:53:16 INFO  c.netflix.discovery.DiscoveryClient - Application is null : false
2026-02-14 10:53:16 INFO  c.netflix.discovery.DiscoveryClient - Registered Applications size is zero : true
2026-02-14 10:53:16 INFO  c.netflix.discovery.DiscoveryClient - Application version is -1: true
2026-02-14 10:53:16 INFO  c.netflix.discovery.DiscoveryClient - Getting all instance registry info from the eureka server
2026-02-14 10:53:18 INFO  c.netflix.discovery.DiscoveryClient - The response status is 200
2026-02-14 10:53:18 INFO  c.netflix.discovery.DiscoveryClient - Starting heartbeat executor: renew interval is: 30
2026-02-14 10:53:18 INFO  c.n.discovery.InstanceInfoReplicator - InstanceInfoReplicator onDemand update allowed rate per min is 4
2026-02-14 10:53:18 INFO  c.netflix.discovery.DiscoveryClient - Discovery Client initialized at timestamp 1771046598619 with initial instances count: 0
2026-02-14 10:53:18 INFO  o.s.c.n.e.s.EurekaServiceRegistry - Registering application PLANS-API with eureka with status UP
2026-02-14 10:53:18 INFO  c.netflix.discovery.DiscoveryClient - Saw local status change event StatusChangeEvent [timestamp=1771046598666, current=UP, previous=STARTING]
2026-02-14 10:53:18 INFO  c.netflix.discovery.DiscoveryClient - DiscoveryClient_PLANS-API/DESKTOP-TT9MVFL:plans-api:8081: registering service...
2026-02-14 10:53:18 INFO  o.a.coyote.http11.Http11NioProtocol - Starting ProtocolHandler ["http-nio-8081"]
2026-02-14 10:53:18 INFO  o.s.b.w.e.tomcat.TomcatWebServer - Tomcat started on port 8081 (http) with context path '/'
2026-02-14 10:53:18 INFO  o.s.c.n.e.s.EurekaAutoServiceRegistration - Updating port to 8081
2026-02-14 10:53:18 INFO  com.example.demo.DemoApplication - Started DemoApplication in 47.695 seconds (process running for 52.826)
2026-02-14 10:53:19 INFO  c.netflix.discovery.DiscoveryClient - DiscoveryClient_PLANS-API/DESKTOP-TT9MVFL:plans-api:8081 - registration status: 204
2026-02-14 10:53:20 INFO  o.a.c.c.C.[Tomcat].[localhost].[/] - Initializing Spring DispatcherServlet 'dispatcherServlet'
2026-02-14 10:53:20 INFO  o.s.web.servlet.DispatcherServlet - Initializing Servlet 'dispatcherServlet'
2026-02-14 10:53:20 INFO  o.s.web.servlet.DispatcherServlet - Completed initialization in 8 ms
2026-02-14 10:53:48 INFO  c.netflix.discovery.DiscoveryClient - Disable delta property : false
2026-02-14 10:53:48 INFO  c.netflix.discovery.DiscoveryClient - Single vip registry refresh property : null
2026-02-14 10:53:48 INFO  c.netflix.discovery.DiscoveryClient - Force full registry fetch : false
2026-02-14 10:53:48 INFO  c.netflix.discovery.DiscoveryClient - Application is null : false
2026-02-14 10:53:48 INFO  c.netflix.discovery.DiscoveryClient - Registered Applications size is zero : true
2026-02-14 10:53:48 INFO  c.netflix.discovery.DiscoveryClient - Application version is -1: false
2026-02-14 10:53:48 INFO  c.netflix.discovery.DiscoveryClient - Getting all instance registry info from the eureka server
2026-02-14 10:53:48 INFO  c.netflix.discovery.DiscoveryClient - The response status is 200
2026-02-14 10:58:16 INFO  c.n.d.s.r.aws.ConfigClusterResolver - Resolving eureka endpoints via configuration
2026-02-14 11:03:16 INFO  c.n.d.s.r.aws.ConfigClusterResolver - Resolving eureka endpoints via configuration
2026-02-14 11:08:16 INFO  c.n.d.s.r.aws.ConfigClusterResolver - Resolving eureka endpoints via configuration
2026-02-14 11:13:16 INFO  c.n.d.s.r.aws.ConfigClusterResolver - Resolving eureka endpoints via configuration
2026-02-14 11:18:16 INFO  c.n.d.s.r.aws.ConfigClusterResolver - Resolving eureka endpoints via configuration
2026-02-14 11:23:16 INFO  c.n.d.s.r.aws.ConfigClusterResolver - Resolving eureka endpoints via configuration
2026-02-14 11:28:16 INFO  c.n.d.s.r.aws.ConfigClusterResolver - Resolving eureka endpoints via configuration
2026-02-14 11:33:16 INFO  c.n.d.s.r.aws.ConfigClusterResolver - Resolving eureka endpoints via configuration
2026-02-14 11:38:16 INFO  c.n.d.s.r.aws.ConfigClusterResolver - Resolving eureka endpoints via configuration
2026-02-14 11:43:16 INFO  c.n.d.s.r.aws.ConfigClusterResolver - Resolving eureka endpoints via configuration
2026-02-14 11:48:16 INFO  c.n.d.s.r.aws.ConfigClusterResolver - Resolving eureka endpoints via configuration
2026-02-14 11:53:16 INFO  c.n.d.s.r.aws.ConfigClusterResolver - Resolving eureka endpoints via configuration
2026-02-14 11:58:16 INFO  c.n.d.s.r.aws.ConfigClusterResolver - Resolving eureka endpoints via configuration
2026-02-14 12:03:16 INFO  c.n.d.s.r.aws.ConfigClusterResolver - Resolving eureka endpoints via configuration
2026-02-14 12:08:16 INFO  c.n.d.s.r.aws.ConfigClusterResolver - Resolving eureka endpoints via configuration
2026-02-14 12:13:16 INFO  c.n.d.s.r.aws.ConfigClusterResolver - Resolving eureka endpoints via configuration
2026-02-14 12:18:16 INFO  c.n.d.s.r.aws.ConfigClusterResolver - Resolving eureka endpoints via configuration
2026-02-14 12:23:16 INFO  c.n.d.s.r.aws.ConfigClusterResolver - Resolving eureka endpoints via configuration
2026-02-14 12:28:16 INFO  c.n.d.s.r.aws.ConfigClusterResolver - Resolving eureka endpoints via configuration
2026-02-14 12:33:16 INFO  c.n.d.s.r.aws.ConfigClusterResolver - Resolving eureka endpoints via configuration
2026-02-14 12:38:16 INFO  c.n.d.s.r.aws.ConfigClusterResolver - Resolving eureka endpoints via configuration
2026-02-14 12:43:16 INFO  c.n.d.s.r.aws.ConfigClusterResolver - Resolving eureka endpoints via configuration
2026-02-14 12:48:16 INFO  c.n.d.s.r.aws.ConfigClusterResolver - Resolving eureka endpoints via configuration
2026-02-14 12:53:16 INFO  c.n.d.s.r.aws.ConfigClusterResolver - Resolving eureka endpoints via configuration
2026-02-14 12:58:16 INFO  c.n.d.s.r.aws.ConfigClusterResolver - Resolving eureka endpoints via configuration
2026-02-14 13:03:16 INFO  c.n.d.s.r.aws.ConfigClusterResolver - Resolving eureka endpoints via configuration
2026-02-14 13:08:16 INFO  c.n.d.s.r.aws.ConfigClusterResolver - Resolving eureka endpoints via configuration
2026-02-14 13:13:16 INFO  c.n.d.s.r.aws.ConfigClusterResolver - Resolving eureka endpoints via configuration
2026-02-14 13:18:16 INFO  c.n.d.s.r.aws.ConfigClusterResolver - Resolving eureka endpoints via configuration
2026-02-14 13:23:16 INFO  c.n.d.s.r.aws.ConfigClusterResolver - Resolving eureka endpoints via configuration
2026-02-14 13:28:16 INFO  c.n.d.s.r.aws.ConfigClusterResolver - Resolving eureka endpoints via configuration
2026-02-14 13:33:16 INFO  c.n.d.s.r.aws.ConfigClusterResolver - Resolving eureka endpoints via configuration
2026-02-14 13:38:16 INFO  c.n.d.s.r.aws.ConfigClusterResolver - Resolving eureka endpoints via configuration
2026-02-14 13:43:16 INFO  c.n.d.s.r.aws.ConfigClusterResolver - Resolving eureka endpoints via configuration
2026-02-14 13:48:16 INFO  c.n.d.s.r.aws.ConfigClusterResolver - Resolving eureka endpoints via configuration
2026-02-14 13:53:16 INFO  c.n.d.s.r.aws.ConfigClusterResolver - Resolving eureka endpoints via configuration
2026-02-14 13:58:16 INFO  c.n.d.s.r.aws.ConfigClusterResolver - Resolving eureka endpoints via configuration
2026-02-14 14:03:16 INFO  c.n.d.s.r.aws.ConfigClusterResolver - Resolving eureka endpoints via configuration
2026-02-14 14:08:16 INFO  c.n.d.s.r.aws.ConfigClusterResolver - Resolving eureka endpoints via configuration
2026-02-14 14:13:16 INFO  c.n.d.s.r.aws.ConfigClusterResolver - Resolving eureka endpoints via configuration
2026-02-14 14:18:16 INFO  c.n.d.s.r.aws.ConfigClusterResolver - Resolving eureka endpoints via configuration
2026-02-14 14:23:16 INFO  c.n.d.s.r.aws.ConfigClusterResolver - Resolving eureka endpoints via configuration
2026-02-14 14:28:16 INFO  c.n.d.s.r.aws.ConfigClusterResolver - Resolving eureka endpoints via configuration
2026-02-14 14:33:16 INFO  c.n.d.s.r.aws.ConfigClusterResolver - Resolving eureka endpoints via configuration
2026-02-14 14:38:16 INFO  c.n.d.s.r.aws.ConfigClusterResolver - Resolving eureka endpoints via configuration
2026-02-14 14:43:16 INFO  c.n.d.s.r.aws.ConfigClusterResolver - Resolving eureka endpoints via configuration
2026-02-14 14:48:16 INFO  c.n.d.s.r.aws.ConfigClusterResolver - Resolving eureka endpoints via configuration
2026-02-14 14:53:16 INFO  c.n.d.s.r.aws.ConfigClusterResolver - Resolving eureka endpoints via configuration
2026-02-14 14:58:16 INFO  c.n.d.s.r.aws.ConfigClusterResolver - Resolving eureka endpoints via configuration
2026-02-14 15:03:16 INFO  c.n.d.s.r.aws.ConfigClusterResolver - Resolving eureka endpoints via configuration
2026-02-14 15:08:16 INFO  c.n.d.s.r.aws.ConfigClusterResolver - Resolving eureka endpoints via configuration
2026-02-14 15:13:16 INFO  c.n.d.s.r.aws.ConfigClusterResolver - Resolving eureka endpoints via configuration
2026-02-14 15:18:17 INFO  c.n.d.s.r.aws.ConfigClusterResolver - Resolving eureka endpoints via configuration
2026-02-14 15:23:17 INFO  c.n.d.s.r.aws.ConfigClusterResolver - Resolving eureka endpoints via configuration
2026-02-14 15:28:17 INFO  c.n.d.s.r.aws.ConfigClusterResolver - Resolving eureka endpoints via configuration
2026-02-14 15:33:17 INFO  c.n.d.s.r.aws.ConfigClusterResolver - Resolving eureka endpoints via configuration
2026-02-14 15:38:17 INFO  c.n.d.s.r.aws.ConfigClusterResolver - Resolving eureka endpoints via configuration
2026-02-14 15:43:17 INFO  c.n.d.s.r.aws.ConfigClusterResolver - Resolving eureka endpoints via configuration
2026-02-14 15:48:17 INFO  c.n.d.s.r.aws.ConfigClusterResolver - Resolving eureka endpoints via configuration
2026-02-14 15:53:17 INFO  c.n.d.s.r.aws.ConfigClusterResolver - Resolving eureka endpoints via configuration
2026-02-14 15:58:17 INFO  c.n.d.s.r.aws.ConfigClusterResolver - Resolving eureka endpoints via configuration
2026-02-14 16:03:17 INFO  c.n.d.s.r.aws.ConfigClusterResolver - Resolving eureka endpoints via configuration
2026-02-14 16:43:24 WARN  com.zaxxer.hikari.pool.HikariPool - HikariPool-1 - Thread starvation or clock leap detected (housekeeper delta=36m51s475ms439µs100ns).
2026-02-14 16:44:38 INFO  c.n.d.s.r.aws.ConfigClusterResolver - Resolving eureka endpoints via configuration
2026-02-14 16:49:38 INFO  c.n.d.s.r.aws.ConfigClusterResolver - Resolving eureka endpoints via configuration
2026-02-14 16:54:38 INFO  c.n.d.s.r.aws.ConfigClusterResolver - Resolving eureka endpoints via configuration
2026-02-14 16:59:38 INFO  c.n.d.s.r.aws.ConfigClusterResolver - Resolving eureka endpoints via configuration
2026-02-14 17:04:38 INFO  c.n.d.s.r.aws.ConfigClusterResolver - Resolving eureka endpoints via configuration
2026-02-14 17:09:38 INFO  c.n.d.s.r.aws.ConfigClusterResolver - Resolving eureka endpoints via configuration
2026-02-14 17:14:38 INFO  c.n.d.s.r.aws.ConfigClusterResolver - Resolving eureka endpoints via configuration
2026-02-14 17:19:38 INFO  c.n.d.s.r.aws.ConfigClusterResolver - Resolving eureka endpoints via configuration
2026-02-14 17:24:38 INFO  c.n.d.s.r.aws.ConfigClusterResolver - Resolving eureka endpoints via configuration
2026-02-14 17:29:38 INFO  c.n.d.s.r.aws.ConfigClusterResolver - Resolving eureka endpoints via configuration
2026-02-14 17:34:38 INFO  c.n.d.s.r.aws.ConfigClusterResolver - Resolving eureka endpoints via configuration
2026-02-14 17:39:38 INFO  c.n.d.s.r.aws.ConfigClusterResolver - Resolving eureka endpoints via configuration
2026-02-14 17:44:38 INFO  c.n.d.s.r.aws.ConfigClusterResolver - Resolving eureka endpoints via configuration
2026-02-14 17:49:38 INFO  c.n.d.s.r.aws.ConfigClusterResolver - Resolving eureka endpoints via configuration
2026-02-14 17:54:38 INFO  c.n.d.s.r.aws.ConfigClusterResolver - Resolving eureka endpoints via configuration
2026-02-14 17:56:11 INFO  o.s.b.d.a.LocalDevToolsAutoConfiguration$RestartingClassPathChangeChangedEventListener - Restarting due to 4 class path changes (0 additions, 0 deletions, 4 modifications)
2026-02-14 17:56:12 INFO  o.s.c.n.e.s.EurekaServiceRegistry - Unregistering application PLANS-API with eureka with status DOWN
2026-02-14 17:56:12 INFO  c.netflix.discovery.DiscoveryClient - Saw local status change event StatusChangeEvent [timestamp=1771071972013, current=DOWN, previous=UP]
2026-02-14 17:56:12 INFO  c.netflix.discovery.DiscoveryClient - DiscoveryClient_PLANS-API/DESKTOP-TT9MVFL:plans-api:8081: registering service...
2026-02-14 17:56:12 INFO  o.s.b.w.e.tomcat.GracefulShutdown - Commencing graceful shutdown. Waiting for active requests to complete
2026-02-14 17:56:12 INFO  c.netflix.discovery.DiscoveryClient - DiscoveryClient_PLANS-API/DESKTOP-TT9MVFL:plans-api:8081 - registration status: 204
2026-02-14 17:56:12 INFO  o.a.coyote.http11.Http11NioProtocol - Pausing ProtocolHandler ["http-nio-8081"]
2026-02-14 17:56:12 INFO  o.s.b.w.e.tomcat.GracefulShutdown - Graceful shutdown complete
2026-02-14 17:56:12 INFO  o.a.coyote.http11.Http11NioProtocol - Stopping ProtocolHandler ["http-nio-8081"]
2026-02-14 17:56:12 INFO  o.s.o.j.LocalContainerEntityManagerFactoryBean - Closing JPA EntityManagerFactory for persistence unit 'default'
2026-02-14 17:56:12 INFO  com.zaxxer.hikari.HikariDataSource - HikariPool-1 - Shutdown initiated...
2026-02-14 17:56:12 INFO  com.zaxxer.hikari.HikariDataSource - HikariPool-1 - Shutdown completed.
2026-02-14 17:56:12 INFO  c.netflix.discovery.DiscoveryClient - Shutting down DiscoveryClient ...
2026-02-14 17:56:15 INFO  c.netflix.discovery.DiscoveryClient - Unregistering ...
2026-02-14 17:56:15 INFO  c.netflix.discovery.DiscoveryClient - DiscoveryClient_PLANS-API/DESKTOP-TT9MVFL:plans-api:8081 - deregister  status: 200
2026-02-14 17:56:15 INFO  c.netflix.discovery.DiscoveryClient - Completed shut down of DiscoveryClient
2026-02-14 17:56:16 INFO  com.example.demo.DemoApplication - Starting DemoApplication using Java 21.0.8 with PID 25384 (C:\Users\LAPPY SHOP\Documents\workspace-spring-tools-for-eclipse-4.32.0.RELEASE\Plans_Api\target\classes started by LAPPY SHOP in C:\Users\LAPPY SHOP\Documents\workspace-spring-tools-for-eclipse-4.32.0.RELEASE\Plans_Api)
2026-02-14 17:56:16 INFO  com.example.demo.DemoApplication - No active profile set, falling back to 1 default profile: "default"
2026-02-14 17:56:20 INFO  o.s.d.r.c.RepositoryConfigurationDelegate - Bootstrapping Spring Data JPA repositories in DEFAULT mode.
2026-02-14 17:56:20 INFO  o.s.d.r.c.RepositoryConfigurationDelegate - Finished Spring Data repository scanning in 102 ms. Found 1 JPA repository interface.
2026-02-14 17:56:21 INFO  o.s.cloud.context.scope.GenericScope - BeanFactory id=d1876aea-568d-340e-9171-8be385f8ece4
2026-02-14 17:56:22 INFO  o.s.b.w.e.tomcat.TomcatWebServer - Tomcat initialized with port 8081 (http)
2026-02-14 17:56:22 INFO  o.a.coyote.http11.Http11NioProtocol - Initializing ProtocolHandler ["http-nio-8081"]
2026-02-14 17:56:22 INFO  o.a.catalina.core.StandardService - Starting service [Tomcat]
2026-02-14 17:56:22 INFO  o.a.catalina.core.StandardEngine - Starting Servlet engine: [Apache Tomcat/10.1.36]
2026-02-14 17:56:23 INFO  o.a.c.c.C.[Tomcat].[localhost].[/] - Initializing Spring embedded WebApplicationContext
2026-02-14 17:56:23 INFO  o.s.b.w.s.c.ServletWebServerApplicationContext - Root WebApplicationContext: initialization completed in 6819 ms
2026-02-14 17:56:24 INFO  o.h.jpa.internal.util.LogHelper - HHH000204: Processing PersistenceUnitInfo [name: default]
2026-02-14 17:56:24 INFO  o.h.c.i.RegionFactoryInitiator - HHH000026: Second-level cache disabled
2026-02-14 17:56:24 INFO  o.s.o.j.p.SpringPersistenceUnitInfo - No LoadTimeWeaver setup: ignoring JPA class transformer
2026-02-14 17:56:24 INFO  com.zaxxer.hikari.HikariDataSource - HikariPool-2 - Starting...
2026-02-14 17:56:24 INFO  com.zaxxer.hikari.pool.HikariPool - HikariPool-2 - Added connection com.mysql.cj.jdbc.ConnectionImpl@9b9dba9
2026-02-14 17:56:24 INFO  com.zaxxer.hikari.HikariDataSource - HikariPool-2 - Start completed.
2026-02-14 17:56:24 WARN  org.hibernate.orm.deprecation - HHH90000025: MySQL8Dialect does not need to be specified explicitly using 'hibernate.dialect' (remove the property setting and it will be selected by default)
2026-02-14 17:56:24 WARN  org.hibernate.orm.deprecation - HHH90000026: MySQL8Dialect has been deprecated; use org.hibernate.dialect.MySQLDialect instead
2026-02-14 17:56:24 INFO  o.hibernate.orm.connections.pooling - HHH10001005: Database info:
	Database JDBC URL [Connecting through datasource 'HikariDataSource (HikariPool-2)']
	Database driver: undefined/unknown
	Database version: 8.0
	Autocommit mode: undefined/unknown
	Isolation level: undefined/unknown
	Minimum pool size: undefined/unknown
	Maximum pool size: undefined/unknown
2026-02-14 17:56:24 INFO  o.h.e.t.j.p.i.JtaPlatformInitiator - HHH000489: No JTA platform available (set 'hibernate.transaction.jta.platform' to enable JTA platform integration)
2026-02-14 17:56:25 INFO  o.s.o.j.LocalContainerEntityManagerFactoryBean - Initialized JPA EntityManagerFactory for persistence unit 'default'
2026-02-14 17:56:25 WARN  o.s.b.a.o.j.JpaBaseConfiguration$JpaWebConfiguration - spring.jpa.open-in-view is enabled by default. Therefore, database queries may be performed during view rendering. Explicitly configure spring.jpa.open-in-view to disable this warning
2026-02-14 17:56:26 WARN  o.s.b.a.s.s.UserDetailsServiceAutoConfiguration - 

Using generated security password: 7c2815c8-33ee-4979-adaf-2d4f67cf8aaf

This generated password is for development use only. Your security configuration must be updated before running your application in production.

2026-02-14 17:56:26 INFO  o.s.s.c.a.a.c.InitializeUserDetailsBeanManagerConfigurer$InitializeUserDetailsManagerConfigurer - Global AuthenticationManager configured with UserDetailsService bean with name inMemoryUserDetailsManager
2026-02-14 17:56:27 INFO  o.s.b.a.e.web.EndpointLinksResolver - Exposing 1 endpoint beneath base path '/actuator'
2026-02-14 17:56:30 WARN  o.s.b.d.a.OptionalLiveReloadServer - Unable to start LiveReload server
2026-02-14 17:56:30 INFO  o.s.c.n.e.c.DiscoveryClientOptionalArgsConfiguration - Eureka HTTP Client uses RestTemplate.
2026-02-14 17:56:30 WARN  o.s.c.l.c.LoadBalancerCacheAutoConfiguration$LoadBalancerCaffeineWarnLogger - Spring Cloud LoadBalancer is currently working with the default cache. While this cache implementation is useful for development and tests, it's recommended to use Caffeine cache in production.You can switch to using Caffeine cache, by adding it and org.springframework.cache.caffeine.CaffeineCacheManager to the classpath.
2026-02-14 17:56:31 INFO  o.s.c.n.eureka.InstanceInfoFactory - Setting initial instance status as: STARTING
2026-02-14 17:56:31 INFO  c.netflix.discovery.DiscoveryClient - Initializing Eureka in region us-east-1
2026-02-14 17:56:31 INFO  c.n.d.s.r.aws.ConfigClusterResolver - Resolving eureka endpoints via configuration
2026-02-14 17:56:31 INFO  c.netflix.discovery.DiscoveryClient - Disable delta property : false
2026-02-14 17:56:31 INFO  c.netflix.discovery.DiscoveryClient - Single vip registry refresh property : null
2026-02-14 17:56:31 INFO  c.netflix.discovery.DiscoveryClient - Force full registry fetch : false
2026-02-14 17:56:31 INFO  c.netflix.discovery.DiscoveryClient - Application is null : false
2026-02-14 17:56:31 INFO  c.netflix.discovery.DiscoveryClient - Registered Applications size is zero : true
2026-02-14 17:56:31 INFO  c.netflix.discovery.DiscoveryClient - Application version is -1: true
2026-02-14 17:56:31 INFO  c.netflix.discovery.DiscoveryClient - Getting all instance registry info from the eureka server
2026-02-14 17:56:31 INFO  c.netflix.discovery.DiscoveryClient - The response status is 200
2026-02-14 17:56:31 INFO  c.netflix.discovery.DiscoveryClient - Starting heartbeat executor: renew interval is: 30
2026-02-14 17:56:31 INFO  c.n.discovery.InstanceInfoReplicator - InstanceInfoReplicator onDemand update allowed rate per min is 4
2026-02-14 17:56:31 INFO  c.netflix.discovery.DiscoveryClient - Discovery Client initialized at timestamp 1771071991448 with initial instances count: 9
2026-02-14 17:56:31 INFO  o.s.c.n.e.s.EurekaServiceRegistry - Registering application PLANS-API with eureka with status UP
2026-02-14 17:56:31 INFO  c.netflix.discovery.DiscoveryClient - Saw local status change event StatusChangeEvent [timestamp=1771071991502, current=UP, previous=STARTING]
2026-02-14 17:56:31 INFO  c.netflix.discovery.DiscoveryClient - DiscoveryClient_PLANS-API/DESKTOP-TT9MVFL:plans-api:8081: registering service...
2026-02-14 17:56:31 INFO  o.a.coyote.http11.Http11NioProtocol - Starting ProtocolHandler ["http-nio-8081"]
2026-02-14 17:56:31 INFO  o.s.b.w.e.tomcat.TomcatWebServer - Tomcat started on port 8081 (http) with context path '/'
2026-02-14 17:56:31 INFO  o.s.c.n.e.s.EurekaAutoServiceRegistration - Updating port to 8081
2026-02-14 17:56:31 INFO  c.netflix.discovery.DiscoveryClient - DiscoveryClient_PLANS-API/DESKTOP-TT9MVFL:plans-api:8081 - registration status: 204
2026-02-14 17:56:31 INFO  com.example.demo.DemoApplication - Started DemoApplication in 15.883 seconds (process running for 25445.962)
2026-02-14 17:56:31 INFO  o.s.b.d.a.ConditionEvaluationDeltaLoggingListener - Condition evaluation unchanged
2026-02-14 17:57:10 INFO  o.s.b.d.a.LocalDevToolsAutoConfiguration$RestartingClassPathChangeChangedEventListener - Restarting due to 3 class path changes (0 additions, 0 deletions, 3 modifications)
2026-02-14 17:57:10 INFO  o.s.c.n.e.s.EurekaServiceRegistry - Unregistering application PLANS-API with eureka with status DOWN
2026-02-14 17:57:10 INFO  c.netflix.discovery.DiscoveryClient - Saw local status change event StatusChangeEvent [timestamp=1771072030986, current=DOWN, previous=UP]
2026-02-14 17:57:10 INFO  c.netflix.discovery.DiscoveryClient - DiscoveryClient_PLANS-API/DESKTOP-TT9MVFL:plans-api:8081: registering service...
2026-02-14 17:57:11 INFO  c.netflix.discovery.DiscoveryClient - DiscoveryClient_PLANS-API/DESKTOP-TT9MVFL:plans-api:8081 - registration status: 204
2026-02-14 17:57:10 INFO  o.s.b.w.e.tomcat.GracefulShutdown - Commencing graceful shutdown. Waiting for active requests to complete
2026-02-14 17:57:11 INFO  o.a.coyote.http11.Http11NioProtocol - Pausing ProtocolHandler ["http-nio-8081"]
2026-02-14 17:57:11 INFO  o.s.b.w.e.tomcat.GracefulShutdown - Graceful shutdown complete
2026-02-14 17:57:11 INFO  o.a.coyote.http11.Http11NioProtocol - Stopping ProtocolHandler ["http-nio-8081"]
2026-02-14 17:57:11 INFO  o.s.o.j.LocalContainerEntityManagerFactoryBean - Closing JPA EntityManagerFactory for persistence unit 'default'
2026-02-14 17:57:11 INFO  com.zaxxer.hikari.HikariDataSource - HikariPool-2 - Shutdown initiated...
2026-02-14 17:57:11 INFO  com.zaxxer.hikari.HikariDataSource - HikariPool-2 - Shutdown completed.
2026-02-14 17:57:11 INFO  c.netflix.discovery.DiscoveryClient - Shutting down DiscoveryClient ...
2026-02-14 17:57:14 INFO  c.netflix.discovery.DiscoveryClient - Unregistering ...
2026-02-14 17:57:14 INFO  c.netflix.discovery.DiscoveryClient - DiscoveryClient_PLANS-API/DESKTOP-TT9MVFL:plans-api:8081 - deregister  status: 200
2026-02-14 17:57:14 INFO  c.netflix.discovery.DiscoveryClient - Completed shut down of DiscoveryClient
2026-02-14 17:57:26 INFO  com.example.demo.DemoApplication - Starting DemoApplication using Java 21.0.8 with PID 25384 (C:\Users\LAPPY SHOP\Documents\workspace-spring-tools-for-eclipse-4.32.0.RELEASE\Plans_Api\target\classes started by LAPPY SHOP in C:\Users\LAPPY SHOP\Documents\workspace-spring-tools-for-eclipse-4.32.0.RELEASE\Plans_Api)
2026-02-14 17:57:26 INFO  com.example.demo.DemoApplication - No active profile set, falling back to 1 default profile: "default"
2026-02-14 17:57:28 INFO  o.s.d.r.c.RepositoryConfigurationDelegate - Bootstrapping Spring Data JPA repositories in DEFAULT mode.
2026-02-14 17:57:28 INFO  o.s.d.r.c.RepositoryConfigurationDelegate - Finished Spring Data repository scanning in 48 ms. Found 1 JPA repository interface.
2026-02-14 17:57:28 INFO  o.s.cloud.context.scope.GenericScope - BeanFactory id=d1876aea-568d-340e-9171-8be385f8ece4
2026-02-14 17:57:29 INFO  o.s.b.w.e.tomcat.TomcatWebServer - Tomcat initialized with port 8081 (http)
2026-02-14 17:57:29 INFO  o.a.catalina.core.StandardService - Starting service [Tomcat]
2026-02-14 17:57:29 INFO  o.a.catalina.core.StandardEngine - Starting Servlet engine: [Apache Tomcat/10.1.36]
2026-02-14 17:57:29 INFO  o.a.c.c.C.[Tomcat-1].[localhost].[/] - Initializing Spring embedded WebApplicationContext
2026-02-14 17:57:29 INFO  o.s.b.w.s.c.ServletWebServerApplicationContext - Root WebApplicationContext: initialization completed in 3867 ms
2026-02-14 17:57:30 INFO  o.h.jpa.internal.util.LogHelper - HHH000204: Processing PersistenceUnitInfo [name: default]
2026-02-14 17:57:30 INFO  o.h.c.i.RegionFactoryInitiator - HHH000026: Second-level cache disabled
2026-02-14 17:57:31 INFO  o.s.o.j.p.SpringPersistenceUnitInfo - No LoadTimeWeaver setup: ignoring JPA class transformer
2026-02-14 17:57:31 INFO  com.zaxxer.hikari.HikariDataSource - HikariPool-3 - Starting...
2026-02-14 17:57:31 INFO  com.zaxxer.hikari.pool.HikariPool - HikariPool-3 - Added connection com.mysql.cj.jdbc.ConnectionImpl@7174ab3f
2026-02-14 17:57:31 INFO  com.zaxxer.hikari.HikariDataSource - HikariPool-3 - Start completed.
2026-02-14 17:57:31 WARN  org.hibernate.orm.deprecation - HHH90000025: MySQL8Dialect does not need to be specified explicitly using 'hibernate.dialect' (remove the property setting and it will be selected by default)
2026-02-14 17:57:31 WARN  org.hibernate.orm.deprecation - HHH90000026: MySQL8Dialect has been deprecated; use org.hibernate.dialect.MySQLDialect instead
2026-02-14 17:57:31 INFO  o.hibernate.orm.connections.pooling - HHH10001005: Database info:
	Database JDBC URL [Connecting through datasource 'HikariDataSource (HikariPool-3)']
	Database driver: undefined/unknown
	Database version: 8.0
	Autocommit mode: undefined/unknown
	Isolation level: undefined/unknown
	Minimum pool size: undefined/unknown
	Maximum pool size: undefined/unknown
2026-02-14 17:57:31 INFO  o.h.e.t.j.p.i.JtaPlatformInitiator - HHH000489: No JTA platform available (set 'hibernate.transaction.jta.platform' to enable JTA platform integration)
2026-02-14 17:57:31 INFO  o.s.o.j.LocalContainerEntityManagerFactoryBean - Initialized JPA EntityManagerFactory for persistence unit 'default'
2026-02-14 17:57:32 WARN  o.s.b.a.o.j.JpaBaseConfiguration$JpaWebConfiguration - spring.jpa.open-in-view is enabled by default. Therefore, database queries may be performed during view rendering. Explicitly configure spring.jpa.open-in-view to disable this warning
2026-02-14 17:57:32 WARN  o.s.b.a.s.s.UserDetailsServiceAutoConfiguration - 

Using generated security password: 2a031076-b3cd-46f2-899c-e7a1ab67e61d

This generated password is for development use only. Your security configuration must be updated before running your application in production.

2026-02-14 17:57:32 INFO  o.s.s.c.a.a.c.InitializeUserDetailsBeanManagerConfigurer$InitializeUserDetailsManagerConfigurer - Global AuthenticationManager configured with UserDetailsService bean with name inMemoryUserDetailsManager
2026-02-14 17:57:34 INFO  o.s.b.a.e.web.EndpointLinksResolver - Exposing 1 endpoint beneath base path '/actuator'
2026-02-14 17:57:36 WARN  o.s.b.d.a.OptionalLiveReloadServer - Unable to start LiveReload server
2026-02-14 17:57:36 INFO  o.s.c.n.e.c.DiscoveryClientOptionalArgsConfiguration - Eureka HTTP Client uses RestTemplate.
2026-02-14 17:57:36 WARN  o.s.c.l.c.LoadBalancerCacheAutoConfiguration$LoadBalancerCaffeineWarnLogger - Spring Cloud LoadBalancer is currently working with the default cache. While this cache implementation is useful for development and tests, it's recommended to use Caffeine cache in production.You can switch to using Caffeine cache, by adding it and org.springframework.cache.caffeine.CaffeineCacheManager to the classpath.
2026-02-14 17:57:36 INFO  o.s.c.n.eureka.InstanceInfoFactory - Setting initial instance status as: STARTING
2026-02-14 17:57:36 INFO  c.netflix.discovery.DiscoveryClient - Initializing Eureka in region us-east-1
2026-02-14 17:57:36 INFO  c.n.d.s.r.aws.ConfigClusterResolver - Resolving eureka endpoints via configuration
2026-02-14 17:57:36 INFO  c.netflix.discovery.DiscoveryClient - Disable delta property : false
2026-02-14 17:57:36 INFO  c.netflix.discovery.DiscoveryClient - Single vip registry refresh property : null
2026-02-14 17:57:36 INFO  c.netflix.discovery.DiscoveryClient - Force full registry fetch : false
2026-02-14 17:57:36 INFO  c.netflix.discovery.DiscoveryClient - Application is null : false
2026-02-14 17:57:36 INFO  c.netflix.discovery.DiscoveryClient - Registered Applications size is zero : true
2026-02-14 17:57:36 INFO  c.netflix.discovery.DiscoveryClient - Application version is -1: true
2026-02-14 17:57:36 INFO  c.netflix.discovery.DiscoveryClient - Getting all instance registry info from the eureka server
2026-02-14 17:57:36 INFO  c.netflix.discovery.DiscoveryClient - The response status is 200
2026-02-14 17:57:36 INFO  c.netflix.discovery.DiscoveryClient - Starting heartbeat executor: renew interval is: 30
2026-02-14 17:57:36 INFO  c.n.discovery.InstanceInfoReplicator - InstanceInfoReplicator onDemand update allowed rate per min is 4
2026-02-14 17:57:36 INFO  c.netflix.discovery.DiscoveryClient - Discovery Client initialized at timestamp 1771072056884 with initial instances count: 9
2026-02-14 17:57:36 INFO  o.s.c.n.e.s.EurekaServiceRegistry - Registering application PLANS-API with eureka with status UP
2026-02-14 17:57:36 INFO  c.netflix.discovery.DiscoveryClient - Saw local status change event StatusChangeEvent [timestamp=1771072056918, current=UP, previous=STARTING]
2026-02-14 17:57:36 INFO  c.netflix.discovery.DiscoveryClient - DiscoveryClient_PLANS-API/DESKTOP-TT9MVFL:plans-api:8081: registering service...
2026-02-14 17:57:36 INFO  o.s.b.w.e.tomcat.TomcatWebServer - Tomcat started on port 8081 (http) with context path '/'
2026-02-14 17:57:36 INFO  o.s.c.n.e.s.EurekaAutoServiceRegistration - Updating port to 8081
2026-02-14 17:57:36 INFO  c.netflix.discovery.DiscoveryClient - DiscoveryClient_PLANS-API/DESKTOP-TT9MVFL:plans-api:8081 - registration status: 204
2026-02-14 17:57:37 INFO  com.example.demo.DemoApplication - Started DemoApplication in 11.121 seconds (process running for 25511.281)
2026-02-14 17:57:37 INFO  o.s.b.d.a.ConditionEvaluationDeltaLoggingListener - Condition evaluation unchanged
2026-02-14 17:59:45 INFO  o.s.b.d.a.LocalDevToolsAutoConfiguration$RestartingClassPathChangeChangedEventListener - Restarting due to 1 class path change (0 additions, 0 deletions, 1 modification)
2026-02-14 17:59:45 INFO  o.s.c.n.e.s.EurekaServiceRegistry - Unregistering application PLANS-API with eureka with status DOWN
2026-02-14 17:59:45 INFO  c.netflix.discovery.DiscoveryClient - Saw local status change event StatusChangeEvent [timestamp=1771072185656, current=DOWN, previous=UP]
2026-02-14 17:59:45 INFO  c.netflix.discovery.DiscoveryClient - DiscoveryClient_PLANS-API/DESKTOP-TT9MVFL:plans-api:8081: registering service...
2026-02-14 17:59:45 INFO  c.netflix.discovery.DiscoveryClient - DiscoveryClient_PLANS-API/DESKTOP-TT9MVFL:plans-api:8081 - registration status: 204
2026-02-14 17:59:45 INFO  o.s.b.w.e.tomcat.GracefulShutdown - Commencing graceful shutdown. Waiting for active requests to complete
2026-02-14 17:59:45 INFO  o.s.b.w.e.tomcat.GracefulShutdown - Graceful shutdown complete
2026-02-14 17:59:45 INFO  o.s.o.j.LocalContainerEntityManagerFactoryBean - Closing JPA EntityManagerFactory for persistence unit 'default'
2026-02-14 17:59:45 INFO  com.zaxxer.hikari.HikariDataSource - HikariPool-3 - Shutdown initiated...
2026-02-14 17:59:45 INFO  com.zaxxer.hikari.HikariDataSource - HikariPool-3 - Shutdown completed.
2026-02-14 17:59:45 INFO  c.netflix.discovery.DiscoveryClient - Shutting down DiscoveryClient ...
2026-02-14 17:59:48 INFO  c.netflix.discovery.DiscoveryClient - Unregistering ...
2026-02-14 17:59:48 INFO  c.netflix.discovery.DiscoveryClient - DiscoveryClient_PLANS-API/DESKTOP-TT9MVFL:plans-api:8081 - deregister  status: 200
2026-02-14 17:59:48 INFO  c.netflix.discovery.DiscoveryClient - Completed shut down of DiscoveryClient
2026-02-14 17:59:49 INFO  com.example.demo.DemoApplication - Starting DemoApplication using Java 21.0.8 with PID 25384 (C:\Users\LAPPY SHOP\Documents\workspace-spring-tools-for-eclipse-4.32.0.RELEASE\Plans_Api\target\classes started by LAPPY SHOP in C:\Users\LAPPY SHOP\Documents\workspace-spring-tools-for-eclipse-4.32.0.RELEASE\Plans_Api)
2026-02-14 17:59:49 INFO  com.example.demo.DemoApplication - No active profile set, falling back to 1 default profile: "default"
2026-02-14 17:59:51 INFO  o.s.d.r.c.RepositoryConfigurationDelegate - Bootstrapping Spring Data JPA repositories in DEFAULT mode.
2026-02-14 17:59:51 INFO  o.s.d.r.c.RepositoryConfigurationDelegate - Finished Spring Data repository scanning in 51 ms. Found 1 JPA repository interface.
2026-02-14 17:59:51 INFO  o.s.cloud.context.scope.GenericScope - BeanFactory id=d81e2c28-3288-3856-98e5-4b8c93b5d31d
2026-02-14 17:59:52 INFO  o.s.b.w.e.tomcat.TomcatWebServer - Tomcat initialized with port 8081 (http)
2026-02-14 17:59:52 INFO  o.a.catalina.core.StandardService - Starting service [Tomcat]
2026-02-14 17:59:52 INFO  o.a.catalina.core.StandardEngine - Starting Servlet engine: [Apache Tomcat/10.1.36]
2026-02-14 17:59:52 INFO  o.a.c.c.C.[Tomcat-1].[localhost].[/] - Initializing Spring embedded WebApplicationContext
2026-02-14 17:59:52 INFO  o.s.b.w.s.c.ServletWebServerApplicationContext - Root WebApplicationContext: initialization completed in 3163 ms
2026-02-14 17:59:53 INFO  o.h.jpa.internal.util.LogHelper - HHH000204: Processing PersistenceUnitInfo [name: default]
2026-02-14 17:59:53 INFO  o.h.c.i.RegionFactoryInitiator - HHH000026: Second-level cache disabled
2026-02-14 17:59:53 INFO  o.s.o.j.p.SpringPersistenceUnitInfo - No LoadTimeWeaver setup: ignoring JPA class transformer
2026-02-14 17:59:53 INFO  com.zaxxer.hikari.HikariDataSource - HikariPool-4 - Starting...
2026-02-14 17:59:53 INFO  com.zaxxer.hikari.pool.HikariPool - HikariPool-4 - Added connection com.mysql.cj.jdbc.ConnectionImpl@1b90836e
2026-02-14 17:59:53 INFO  com.zaxxer.hikari.HikariDataSource - HikariPool-4 - Start completed.
2026-02-14 17:59:53 WARN  org.hibernate.orm.deprecation - HHH90000025: MySQL8Dialect does not need to be specified explicitly using 'hibernate.dialect' (remove the property setting and it will be selected by default)
2026-02-14 17:59:53 WARN  org.hibernate.orm.deprecation - HHH90000026: MySQL8Dialect has been deprecated; use org.hibernate.dialect.MySQLDialect instead
2026-02-14 17:59:53 INFO  o.hibernate.orm.connections.pooling - HHH10001005: Database info:
	Database JDBC URL [Connecting through datasource 'HikariDataSource (HikariPool-4)']
	Database driver: undefined/unknown
	Database version: 8.0
	Autocommit mode: undefined/unknown
	Isolation level: undefined/unknown
	Minimum pool size: undefined/unknown
	Maximum pool size: undefined/unknown
2026-02-14 17:59:53 INFO  o.h.e.t.j.p.i.JtaPlatformInitiator - HHH000489: No JTA platform available (set 'hibernate.transaction.jta.platform' to enable JTA platform integration)
2026-02-14 17:59:53 INFO  o.s.o.j.LocalContainerEntityManagerFactoryBean - Initialized JPA EntityManagerFactory for persistence unit 'default'
2026-02-14 17:59:54 WARN  o.s.b.a.o.j.JpaBaseConfiguration$JpaWebConfiguration - spring.jpa.open-in-view is enabled by default. Therefore, database queries may be performed during view rendering. Explicitly configure spring.jpa.open-in-view to disable this warning
2026-02-14 17:59:55 WARN  o.s.b.a.s.s.UserDetailsServiceAutoConfiguration - 

Using generated security password: 6a4f11d1-2d07-405c-987d-23fa6320cb83

This generated password is for development use only. Your security configuration must be updated before running your application in production.

2026-02-14 17:59:55 INFO  o.s.s.c.a.a.c.InitializeUserDetailsBeanManagerConfigurer$InitializeUserDetailsManagerConfigurer - Global AuthenticationManager configured with UserDetailsService bean with name inMemoryUserDetailsManager
2026-02-14 17:59:56 INFO  o.s.b.a.e.web.EndpointLinksResolver - Exposing 17 endpoints beneath base path '/actuator'
2026-02-14 17:59:58 WARN  o.s.b.d.a.OptionalLiveReloadServer - Unable to start LiveReload server
2026-02-14 17:59:59 INFO  o.s.c.n.e.c.DiscoveryClientOptionalArgsConfiguration - Eureka HTTP Client uses RestTemplate.
2026-02-14 17:59:59 WARN  o.s.c.l.c.LoadBalancerCacheAutoConfiguration$LoadBalancerCaffeineWarnLogger - Spring Cloud LoadBalancer is currently working with the default cache. While this cache implementation is useful for development and tests, it's recommended to use Caffeine cache in production.You can switch to using Caffeine cache, by adding it and org.springframework.cache.caffeine.CaffeineCacheManager to the classpath.
2026-02-14 17:59:59 INFO  o.s.c.n.eureka.InstanceInfoFactory - Setting initial instance status as: STARTING
2026-02-14 17:59:59 INFO  c.netflix.discovery.DiscoveryClient - Initializing Eureka in region us-east-1
2026-02-14 17:59:59 INFO  c.n.d.s.r.aws.ConfigClusterResolver - Resolving eureka endpoints via configuration
2026-02-14 17:59:59 INFO  c.netflix.discovery.DiscoveryClient - Disable delta property : false
2026-02-14 17:59:59 INFO  c.netflix.discovery.DiscoveryClient - Single vip registry refresh property : null
2026-02-14 17:59:59 INFO  c.netflix.discovery.DiscoveryClient - Force full registry fetch : false
2026-02-14 17:59:59 INFO  c.netflix.discovery.DiscoveryClient - Application is null : false
2026-02-14 17:59:59 INFO  c.netflix.discovery.DiscoveryClient - Registered Applications size is zero : true
2026-02-14 17:59:59 INFO  c.netflix.discovery.DiscoveryClient - Application version is -1: true
2026-02-14 17:59:59 INFO  c.netflix.discovery.DiscoveryClient - Getting all instance registry info from the eureka server
2026-02-14 17:59:59 INFO  c.netflix.discovery.DiscoveryClient - The response status is 200
2026-02-14 17:59:59 INFO  c.netflix.discovery.DiscoveryClient - Starting heartbeat executor: renew interval is: 30
2026-02-14 17:59:59 INFO  c.n.discovery.InstanceInfoReplicator - InstanceInfoReplicator onDemand update allowed rate per min is 4
2026-02-14 17:59:59 INFO  c.netflix.discovery.DiscoveryClient - Discovery Client initialized at timestamp 1771072199604 with initial instances count: 9
2026-02-14 17:59:59 INFO  o.s.c.n.e.s.EurekaServiceRegistry - Registering application PLANS-API with eureka with status UP
2026-02-14 17:59:59 INFO  c.netflix.discovery.DiscoveryClient - Saw local status change event StatusChangeEvent [timestamp=1771072199632, current=UP, previous=STARTING]
2026-02-14 17:59:59 INFO  c.netflix.discovery.DiscoveryClient - DiscoveryClient_PLANS-API/DESKTOP-TT9MVFL:plans-api:8081: registering service...
2026-02-14 17:59:59 INFO  o.s.b.w.e.tomcat.TomcatWebServer - Tomcat started on port 8081 (http) with context path '/'
2026-02-14 17:59:59 INFO  o.s.c.n.e.s.EurekaAutoServiceRegistration - Updating port to 8081
2026-02-14 17:59:59 INFO  c.netflix.discovery.DiscoveryClient - DiscoveryClient_PLANS-API/DESKTOP-TT9MVFL:plans-api:8081 - registration status: 204
2026-02-14 17:59:59 INFO  com.example.demo.DemoApplication - Started DemoApplication in 10.543 seconds (process running for 25654.004)
2026-02-14 17:59:59 INFO  o.s.b.d.a.ConditionEvaluationDeltaLoggingListener - Condition evaluation delta:


==========================
CONDITION EVALUATION DELTA
==========================


Positive matches:
-----------------

   CachesEndpointAutoConfiguration#cachesEndpointWebExtension matched:
      - @ConditionalOnBean (types: org.springframework.boot.actuate.cache.CachesEndpoint; SearchStrategy: all) found bean 'cachesEndpoint'; @ConditionalOnMissingBean (types: org.springframework.boot.actuate.cache.CachesEndpointWebExtension; SearchStrategy: all) did not find any beans (OnBeanCondition)
      - @ConditionalOnAvailableEndpoint marked as exposed by a 'management.endpoints.web.exposure' property (OnAvailableEndpointCondition)

   ConfigurationPropertiesReportEndpointAutoConfiguration#configurationPropertiesReportEndpointWebExtension matched:
      - @ConditionalOnBean (types: org.springframework.boot.actuate.context.properties.ConfigurationPropertiesReportEndpoint; SearchStrategy: all) found bean 'configurationPropertiesReportEndpoint'; @ConditionalOnMissingBean (types: org.springframework.boot.actuate.context.properties.ConfigurationPropertiesReportEndpointWebExtension; SearchStrategy: all) did not find any beans (OnBeanCondition)
      - @ConditionalOnAvailableEndpoint marked as exposed by a 'management.endpoints.web.exposure' property (OnAvailableEndpointCondition)

   EnvironmentEndpointAutoConfiguration#environmentEndpointWebExtension matched:
      - @ConditionalOnBean (types: org.springframework.boot.actuate.env.EnvironmentEndpoint; SearchStrategy: all) found bean 'environmentEndpoint'; @ConditionalOnMissingBean (types: org.springframework.boot.actuate.env.EnvironmentEndpointWebExtension; SearchStrategy: all) did not find any beans (OnBeanCondition)
      - @ConditionalOnAvailableEndpoint marked as exposed by a 'management.endpoints.web.exposure' property (OnAvailableEndpointCondition)

   SbomEndpointAutoConfiguration#sbomEndpointWebExtension matched:
      - @ConditionalOnBean (types: org.springframework.boot.actuate.sbom.SbomEndpoint; SearchStrategy: all) found bean 'sbomEndpoint'; @ConditionalOnMissingBean (types: org.springframework.boot.actuate.sbom.SbomEndpointWebExtension; SearchStrategy: all) did not find any beans (OnBeanCondition)
      - @ConditionalOnAvailableEndpoint marked as exposed by a 'management.endpoints.web.exposure' property (OnAvailableEndpointCondition)


Negative matches:
-----------------

    None


Exclusions:
-----------

    None


Unconditional classes:
----------------------

    None



2026-02-14 18:04:44 INFO  o.s.b.a.SpringApplicationAdminMXBeanRegistrar$SpringApplicationAdmin - Application shutdown requested.
2026-02-14 18:04:44 INFO  o.s.c.n.e.s.EurekaServiceRegistry - Unregistering application PLANS-API with eureka with status DOWN
2026-02-14 18:04:44 INFO  c.netflix.discovery.DiscoveryClient - Saw local status change event StatusChangeEvent [timestamp=1771072484706, current=DOWN, previous=UP]
2026-02-14 18:04:44 INFO  c.netflix.discovery.DiscoveryClient - DiscoveryClient_PLANS-API/DESKTOP-TT9MVFL:plans-api:8081: registering service...
2026-02-14 18:04:44 INFO  o.s.b.w.e.tomcat.GracefulShutdown - Commencing graceful shutdown. Waiting for active requests to complete
2026-02-14 18:04:44 INFO  c.netflix.discovery.DiscoveryClient - DiscoveryClient_PLANS-API/DESKTOP-TT9MVFL:plans-api:8081 - registration status: 204
2026-02-14 18:04:44 INFO  o.s.b.w.e.tomcat.GracefulShutdown - Graceful shutdown complete
2026-02-14 18:04:44 INFO  o.s.o.j.LocalContainerEntityManagerFactoryBean - Closing JPA EntityManagerFactory for persistence unit 'default'
2026-02-14 18:04:44 INFO  com.zaxxer.hikari.HikariDataSource - HikariPool-4 - Shutdown initiated...
2026-02-14 18:04:44 INFO  com.zaxxer.hikari.HikariDataSource - HikariPool-4 - Shutdown completed.
2026-02-14 18:04:44 INFO  c.netflix.discovery.DiscoveryClient - Shutting down DiscoveryClient ...
2026-02-14 18:04:47 INFO  c.netflix.discovery.DiscoveryClient - Unregistering ...
2026-02-14 18:04:47 INFO  c.netflix.discovery.DiscoveryClient - DiscoveryClient_PLANS-API/DESKTOP-TT9MVFL:plans-api:8081 - deregister  status: 200
2026-02-14 18:04:47 INFO  c.netflix.discovery.DiscoveryClient - Completed shut down of DiscoveryClient
2026-02-14 18:05:36 INFO  o.h.validator.internal.util.Version - HV000001: Hibernate Validator 8.0.2.Final
2026-02-14 18:05:36 INFO  com.example.demo.DemoApplication - Starting DemoApplication using Java 21.0.8 with PID 15840 (C:\Users\LAPPY SHOP\Documents\workspace-spring-tools-for-eclipse-4.32.0.RELEASE\Plans_Api\target\classes started by LAPPY SHOP in C:\Users\LAPPY SHOP\Documents\workspace-spring-tools-for-eclipse-4.32.0.RELEASE\Plans_Api)
2026-02-14 18:05:36 INFO  com.example.demo.DemoApplication - No active profile set, falling back to 1 default profile: "default"
2026-02-14 18:05:36 INFO  o.s.b.d.e.DevToolsPropertyDefaultsPostProcessor - Devtools property defaults active! Set 'spring.devtools.add-properties' to 'false' to disable
2026-02-14 18:05:36 INFO  o.s.b.d.e.DevToolsPropertyDefaultsPostProcessor - For additional web related logging consider setting the 'logging.level.web' property to 'DEBUG'
2026-02-14 18:05:44 INFO  o.s.d.r.c.RepositoryConfigurationDelegate - Bootstrapping Spring Data JPA repositories in DEFAULT mode.
2026-02-14 18:05:45 INFO  o.s.d.r.c.RepositoryConfigurationDelegate - Finished Spring Data repository scanning in 848 ms. Found 1 JPA repository interface.
2026-02-14 18:05:46 INFO  o.s.cloud.context.scope.GenericScope - BeanFactory id=e66a13f9-be68-3f1f-a7ae-7d3200836ee8
2026-02-14 18:05:50 INFO  o.s.b.w.e.tomcat.TomcatWebServer - Tomcat initialized with port 8081 (http)
2026-02-14 18:05:50 INFO  o.a.coyote.http11.Http11NioProtocol - Initializing ProtocolHandler ["http-nio-8081"]
2026-02-14 18:05:50 INFO  o.a.catalina.core.StandardService - Starting service [Tomcat]
2026-02-14 18:05:50 INFO  o.a.catalina.core.StandardEngine - Starting Servlet engine: [Apache Tomcat/10.1.36]
2026-02-14 18:05:50 INFO  o.a.c.c.C.[Tomcat].[localhost].[/] - Initializing Spring embedded WebApplicationContext
2026-02-14 18:05:50 INFO  o.s.b.w.s.c.ServletWebServerApplicationContext - Root WebApplicationContext: initialization completed in 13898 ms
2026-02-14 18:05:52 INFO  o.h.jpa.internal.util.LogHelper - HHH000204: Processing PersistenceUnitInfo [name: default]
2026-02-14 18:05:53 INFO  org.hibernate.Version - HHH000412: Hibernate ORM core version 6.6.8.Final
2026-02-14 18:05:53 INFO  o.h.c.i.RegionFactoryInitiator - HHH000026: Second-level cache disabled
2026-02-14 18:05:55 INFO  o.s.o.j.p.SpringPersistenceUnitInfo - No LoadTimeWeaver setup: ignoring JPA class transformer
2026-02-14 18:05:55 INFO  com.zaxxer.hikari.HikariDataSource - HikariPool-1 - Starting...
2026-02-14 18:05:57 INFO  com.zaxxer.hikari.pool.HikariPool - HikariPool-1 - Added connection com.mysql.cj.jdbc.ConnectionImpl@58450709
2026-02-14 18:05:57 INFO  com.zaxxer.hikari.HikariDataSource - HikariPool-1 - Start completed.
2026-02-14 18:05:57 WARN  org.hibernate.orm.deprecation - HHH90000025: MySQL8Dialect does not need to be specified explicitly using 'hibernate.dialect' (remove the property setting and it will be selected by default)
2026-02-14 18:05:57 WARN  org.hibernate.orm.deprecation - HHH90000026: MySQL8Dialect has been deprecated; use org.hibernate.dialect.MySQLDialect instead
2026-02-14 18:05:57 INFO  o.hibernate.orm.connections.pooling - HHH10001005: Database info:
	Database JDBC URL [Connecting through datasource 'HikariDataSource (HikariPool-1)']
	Database driver: undefined/unknown
	Database version: 8.0
	Autocommit mode: undefined/unknown
	Isolation level: undefined/unknown
	Minimum pool size: undefined/unknown
	Maximum pool size: undefined/unknown
2026-02-14 18:06:04 INFO  o.h.e.t.j.p.i.JtaPlatformInitiator - HHH000489: No JTA platform available (set 'hibernate.transaction.jta.platform' to enable JTA platform integration)
2026-02-14 18:06:04 INFO  o.s.o.j.LocalContainerEntityManagerFactoryBean - Initialized JPA EntityManagerFactory for persistence unit 'default'
2026-02-14 18:06:07 INFO  o.s.d.j.r.query.QueryEnhancerFactory - Hibernate is in classpath; If applicable, HQL parser will be used.
2026-02-14 18:06:10 WARN  o.s.b.a.o.j.JpaBaseConfiguration$JpaWebConfiguration - spring.jpa.open-in-view is enabled by default. Therefore, database queries may be performed during view rendering. Explicitly configure spring.jpa.open-in-view to disable this warning
2026-02-14 18:06:10 WARN  o.s.b.a.s.s.UserDetailsServiceAutoConfiguration - 

Using generated security password: c35212e3-0075-4c7e-a8cd-cd9322cb2f10

This generated password is for development use only. Your security configuration must be updated before running your application in production.

2026-02-14 18:06:10 INFO  o.s.s.c.a.a.c.InitializeUserDetailsBeanManagerConfigurer$InitializeUserDetailsManagerConfigurer - Global AuthenticationManager configured with UserDetailsService bean with name inMemoryUserDetailsManager
2026-02-14 18:06:13 INFO  o.s.b.a.e.web.EndpointLinksResolver - Exposing 17 endpoints beneath base path '/actuator'
2026-02-14 18:06:16 WARN  o.s.b.d.a.OptionalLiveReloadServer - Unable to start LiveReload server
2026-02-14 18:06:17 INFO  o.s.c.n.e.c.DiscoveryClientOptionalArgsConfiguration - Eureka HTTP Client uses RestTemplate.
2026-02-14 18:06:17 WARN  o.s.c.l.c.LoadBalancerCacheAutoConfiguration$LoadBalancerCaffeineWarnLogger - Spring Cloud LoadBalancer is currently working with the default cache. While this cache implementation is useful for development and tests, it's recommended to use Caffeine cache in production.You can switch to using Caffeine cache, by adding it and org.springframework.cache.caffeine.CaffeineCacheManager to the classpath.
2026-02-14 18:06:17 INFO  o.s.c.n.eureka.InstanceInfoFactory - Setting initial instance status as: STARTING
2026-02-14 18:06:17 INFO  c.netflix.discovery.DiscoveryClient - Initializing Eureka in region us-east-1
2026-02-14 18:06:17 INFO  c.n.d.s.r.aws.ConfigClusterResolver - Resolving eureka endpoints via configuration
2026-02-14 18:06:17 INFO  c.netflix.discovery.DiscoveryClient - Disable delta property : false
2026-02-14 18:06:17 INFO  c.netflix.discovery.DiscoveryClient - Single vip registry refresh property : null
2026-02-14 18:06:17 INFO  c.netflix.discovery.DiscoveryClient - Force full registry fetch : false
2026-02-14 18:06:17 INFO  c.netflix.discovery.DiscoveryClient - Application is null : false
2026-02-14 18:06:17 INFO  c.netflix.discovery.DiscoveryClient - Registered Applications size is zero : true
2026-02-14 18:06:17 INFO  c.netflix.discovery.DiscoveryClient - Application version is -1: true
2026-02-14 18:06:17 INFO  c.netflix.discovery.DiscoveryClient - Getting all instance registry info from the eureka server
2026-02-14 18:06:18 INFO  c.netflix.discovery.DiscoveryClient - The response status is 200
2026-02-14 18:06:18 INFO  c.netflix.discovery.DiscoveryClient - Starting heartbeat executor: renew interval is: 30
2026-02-14 18:06:18 INFO  c.n.discovery.InstanceInfoReplicator - InstanceInfoReplicator onDemand update allowed rate per min is 4
2026-02-14 18:06:18 INFO  c.netflix.discovery.DiscoveryClient - Discovery Client initialized at timestamp 1771072578840 with initial instances count: 7
2026-02-14 18:06:18 INFO  o.s.c.n.e.s.EurekaServiceRegistry - Registering application PLANS-API with eureka with status UP
2026-02-14 18:06:18 INFO  c.netflix.discovery.DiscoveryClient - Saw local status change event StatusChangeEvent [timestamp=1771072578878, current=UP, previous=STARTING]
2026-02-14 18:06:18 INFO  o.a.coyote.http11.Http11NioProtocol - Starting ProtocolHandler ["http-nio-8081"]
2026-02-14 18:06:18 INFO  c.netflix.discovery.DiscoveryClient - DiscoveryClient_PLANS-API/DESKTOP-TT9MVFL:plans-api:8081: registering service...
2026-02-14 18:06:18 INFO  o.s.b.w.e.tomcat.TomcatWebServer - Tomcat started on port 8081 (http) with context path '/'
2026-02-14 18:06:18 INFO  o.s.c.n.e.s.EurekaAutoServiceRegistration - Updating port to 8081
2026-02-14 18:06:19 INFO  com.example.demo.DemoApplication - Started DemoApplication in 46.791 seconds (process running for 51.767)
2026-02-14 18:06:19 INFO  c.netflix.discovery.DiscoveryClient - DiscoveryClient_PLANS-API/DESKTOP-TT9MVFL:plans-api:8081 - registration status: 204
2026-02-14 18:06:19 WARN  d.c.b.a.c.r.ApplicationRegistrator - Failed to register application as Application(name=plans-api, managementUrl=http://DESKTOP-TT9MVFL:8081/actuator, healthUrl=http://DESKTOP-TT9MVFL:8081/actuator/health, serviceUrl=http://DESKTOP-TT9MVFL:8081/) at spring-boot-admin ([http://localhost:9090/instances]): Could not extract response: no suitable HttpMessageConverter found for response type [java.util.Map<java.lang.String, java.lang.Object>] and content type [text/html;charset=UTF-8]. Further attempts are logged on DEBUG level
2026-02-14 18:06:19 INFO  o.a.c.c.C.[Tomcat].[localhost].[/] - Initializing Spring DispatcherServlet 'dispatcherServlet'
2026-02-14 18:06:19 INFO  o.s.web.servlet.DispatcherServlet - Initializing Servlet 'dispatcherServlet'
2026-02-14 18:06:19 INFO  o.s.web.servlet.DispatcherServlet - Completed initialization in 6 ms
2026-02-14 18:11:17 INFO  c.n.d.s.r.aws.ConfigClusterResolver - Resolving eureka endpoints via configuration
2026-02-14 18:16:17 INFO  c.n.d.s.r.aws.ConfigClusterResolver - Resolving eureka endpoints via configuration
2026-02-14 18:21:17 INFO  c.n.d.s.r.aws.ConfigClusterResolver - Resolving eureka endpoints via configuration
2026-02-14 18:25:27 INFO  o.s.b.d.a.LocalDevToolsAutoConfiguration$RestartingClassPathChangeChangedEventListener - Restarting due to 1 class path change (0 additions, 0 deletions, 1 modification)
2026-02-14 18:25:27 INFO  o.s.c.n.e.s.EurekaServiceRegistry - Unregistering application PLANS-API with eureka with status DOWN
2026-02-14 18:25:27 INFO  c.netflix.discovery.DiscoveryClient - Saw local status change event StatusChangeEvent [timestamp=1771073727668, current=DOWN, previous=UP]
2026-02-14 18:25:27 INFO  c.netflix.discovery.DiscoveryClient - DiscoveryClient_PLANS-API/DESKTOP-TT9MVFL:plans-api:8081: registering service...
2026-02-14 18:25:27 INFO  o.s.b.w.e.tomcat.GracefulShutdown - Commencing graceful shutdown. Waiting for active requests to complete
2026-02-14 18:25:27 INFO  c.netflix.discovery.DiscoveryClient - DiscoveryClient_PLANS-API/DESKTOP-TT9MVFL:plans-api:8081 - registration status: 204
2026-02-14 18:25:27 INFO  o.a.coyote.http11.Http11NioProtocol - Pausing ProtocolHandler ["http-nio-8081"]
2026-02-14 18:25:27 INFO  o.s.b.w.e.tomcat.GracefulShutdown - Graceful shutdown complete
2026-02-14 18:25:27 INFO  o.a.coyote.http11.Http11NioProtocol - Stopping ProtocolHandler ["http-nio-8081"]
2026-02-14 18:25:27 INFO  o.s.o.j.LocalContainerEntityManagerFactoryBean - Closing JPA EntityManagerFactory for persistence unit 'default'
2026-02-14 18:25:27 INFO  com.zaxxer.hikari.HikariDataSource - HikariPool-1 - Shutdown initiated...
2026-02-14 18:25:27 INFO  com.zaxxer.hikari.HikariDataSource - HikariPool-1 - Shutdown completed.
2026-02-14 18:25:27 INFO  c.netflix.discovery.DiscoveryClient - Shutting down DiscoveryClient ...
2026-02-14 18:25:30 INFO  c.netflix.discovery.DiscoveryClient - Unregistering ...
2026-02-14 18:25:30 INFO  c.netflix.discovery.DiscoveryClient - DiscoveryClient_PLANS-API/DESKTOP-TT9MVFL:plans-api:8081 - deregister  status: 200
2026-02-14 18:25:30 INFO  c.netflix.discovery.DiscoveryClient - Completed shut down of DiscoveryClient
2026-02-14 18:25:31 INFO  com.example.demo.DemoApplication - Starting DemoApplication using Java 21.0.8 with PID 15840 (C:\Users\LAPPY SHOP\Documents\workspace-spring-tools-for-eclipse-4.32.0.RELEASE\Plans_Api\target\classes started by LAPPY SHOP in C:\Users\LAPPY SHOP\Documents\workspace-spring-tools-for-eclipse-4.32.0.RELEASE\Plans_Api)
2026-02-14 18:25:31 INFO  com.example.demo.DemoApplication - No active profile set, falling back to 1 default profile: "default"
2026-02-14 18:25:34 INFO  o.s.d.r.c.RepositoryConfigurationDelegate - Bootstrapping Spring Data JPA repositories in DEFAULT mode.
2026-02-14 18:25:34 INFO  o.s.d.r.c.RepositoryConfigurationDelegate - Finished Spring Data repository scanning in 49 ms. Found 1 JPA repository interface.
2026-02-14 18:25:34 INFO  o.s.cloud.context.scope.GenericScope - BeanFactory id=d81e2c28-3288-3856-98e5-4b8c93b5d31d
2026-02-14 18:25:35 INFO  o.s.b.w.e.tomcat.TomcatWebServer - Tomcat initialized with port 8081 (http)
2026-02-14 18:25:35 INFO  o.a.coyote.http11.Http11NioProtocol - Initializing ProtocolHandler ["http-nio-8081"]
2026-02-14 18:25:36 INFO  o.a.catalina.core.StandardService - Starting service [Tomcat]
2026-02-14 18:25:36 INFO  o.a.catalina.core.StandardEngine - Starting Servlet engine: [Apache Tomcat/10.1.36]
2026-02-14 18:25:36 INFO  o.a.c.c.C.[Tomcat].[localhost].[/] - Initializing Spring embedded WebApplicationContext
2026-02-14 18:25:36 INFO  o.s.b.w.s.c.ServletWebServerApplicationContext - Root WebApplicationContext: initialization completed in 4766 ms
2026-02-14 18:25:37 INFO  o.h.jpa.internal.util.LogHelper - HHH000204: Processing PersistenceUnitInfo [name: default]
2026-02-14 18:25:37 INFO  o.h.c.i.RegionFactoryInitiator - HHH000026: Second-level cache disabled
2026-02-14 18:25:37 INFO  o.s.o.j.p.SpringPersistenceUnitInfo - No LoadTimeWeaver setup: ignoring JPA class transformer
2026-02-14 18:25:37 INFO  com.zaxxer.hikari.HikariDataSource - HikariPool-2 - Starting...
2026-02-14 18:25:37 INFO  com.zaxxer.hikari.pool.HikariPool - HikariPool-2 - Added connection com.mysql.cj.jdbc.ConnectionImpl@1ff2f708
2026-02-14 18:25:37 INFO  com.zaxxer.hikari.HikariDataSource - HikariPool-2 - Start completed.
2026-02-14 18:25:37 WARN  org.hibernate.orm.deprecation - HHH90000025: MySQL8Dialect does not need to be specified explicitly using 'hibernate.dialect' (remove the property setting and it will be selected by default)
2026-02-14 18:25:37 WARN  org.hibernate.orm.deprecation - HHH90000026: MySQL8Dialect has been deprecated; use org.hibernate.dialect.MySQLDialect instead
2026-02-14 18:25:37 INFO  o.hibernate.orm.connections.pooling - HHH10001005: Database info:
	Database JDBC URL [Connecting through datasource 'HikariDataSource (HikariPool-2)']
	Database driver: undefined/unknown
	Database version: 8.0
	Autocommit mode: undefined/unknown
	Isolation level: undefined/unknown
	Minimum pool size: undefined/unknown
	Maximum pool size: undefined/unknown
2026-02-14 18:25:37 INFO  o.h.e.t.j.p.i.JtaPlatformInitiator - HHH000489: No JTA platform available (set 'hibernate.transaction.jta.platform' to enable JTA platform integration)
2026-02-14 18:25:37 INFO  o.s.o.j.LocalContainerEntityManagerFactoryBean - Initialized JPA EntityManagerFactory for persistence unit 'default'
2026-02-14 18:25:38 WARN  o.s.b.a.o.j.JpaBaseConfiguration$JpaWebConfiguration - spring.jpa.open-in-view is enabled by default. Therefore, database queries may be performed during view rendering. Explicitly configure spring.jpa.open-in-view to disable this warning
2026-02-14 18:25:38 WARN  o.s.b.a.s.s.UserDetailsServiceAutoConfiguration - 

Using generated security password: a67049e0-4a30-4095-a932-0db797765ab3

This generated password is for development use only. Your security configuration must be updated before running your application in production.

2026-02-14 18:25:38 INFO  o.s.s.c.a.a.c.InitializeUserDetailsBeanManagerConfigurer$InitializeUserDetailsManagerConfigurer - Global AuthenticationManager configured with UserDetailsService bean with name inMemoryUserDetailsManager
2026-02-14 18:25:40 INFO  o.s.b.a.e.web.EndpointLinksResolver - Exposing 17 endpoints beneath base path '/actuator'
2026-02-14 18:25:43 WARN  o.s.b.d.a.OptionalLiveReloadServer - Unable to start LiveReload server
2026-02-14 18:25:43 INFO  o.s.c.n.e.c.DiscoveryClientOptionalArgsConfiguration - Eureka HTTP Client uses RestTemplate.
2026-02-14 18:25:43 WARN  o.s.c.l.c.LoadBalancerCacheAutoConfiguration$LoadBalancerCaffeineWarnLogger - Spring Cloud LoadBalancer is currently working with the default cache. While this cache implementation is useful for development and tests, it's recommended to use Caffeine cache in production.You can switch to using Caffeine cache, by adding it and org.springframework.cache.caffeine.CaffeineCacheManager to the classpath.
2026-02-14 18:25:43 INFO  o.s.c.n.eureka.InstanceInfoFactory - Setting initial instance status as: STARTING
2026-02-14 18:25:43 INFO  c.netflix.discovery.DiscoveryClient - Initializing Eureka in region us-east-1
2026-02-14 18:25:43 INFO  c.n.d.s.r.aws.ConfigClusterResolver - Resolving eureka endpoints via configuration
2026-02-14 18:25:43 INFO  c.netflix.discovery.DiscoveryClient - Disable delta property : false
2026-02-14 18:25:43 INFO  c.netflix.discovery.DiscoveryClient - Single vip registry refresh property : null
2026-02-14 18:25:43 INFO  c.netflix.discovery.DiscoveryClient - Force full registry fetch : false
2026-02-14 18:25:43 INFO  c.netflix.discovery.DiscoveryClient - Application is null : false
2026-02-14 18:25:43 INFO  c.netflix.discovery.DiscoveryClient - Registered Applications size is zero : true
2026-02-14 18:25:43 INFO  c.netflix.discovery.DiscoveryClient - Application version is -1: true
2026-02-14 18:25:43 INFO  c.netflix.discovery.DiscoveryClient - Getting all instance registry info from the eureka server
2026-02-14 18:25:44 INFO  c.netflix.discovery.DiscoveryClient - The response status is 200
2026-02-14 18:25:44 INFO  c.netflix.discovery.DiscoveryClient - Starting heartbeat executor: renew interval is: 30
2026-02-14 18:25:44 INFO  c.n.discovery.InstanceInfoReplicator - InstanceInfoReplicator onDemand update allowed rate per min is 4
2026-02-14 18:25:44 INFO  c.netflix.discovery.DiscoveryClient - Discovery Client initialized at timestamp 1771073744148 with initial instances count: 10
2026-02-14 18:25:44 INFO  o.s.c.n.e.s.EurekaServiceRegistry - Registering application PLANS-API with eureka with status UP
2026-02-14 18:25:44 INFO  c.netflix.discovery.DiscoveryClient - Saw local status change event StatusChangeEvent [timestamp=1771073744173, current=UP, previous=STARTING]
2026-02-14 18:25:44 INFO  c.netflix.discovery.DiscoveryClient - DiscoveryClient_PLANS-API/DESKTOP-TT9MVFL:plans-api:8081: registering service...
2026-02-14 18:25:44 INFO  o.a.coyote.http11.Http11NioProtocol - Starting ProtocolHandler ["http-nio-8081"]
2026-02-14 18:25:44 INFO  o.s.b.w.e.tomcat.TomcatWebServer - Tomcat started on port 8081 (http) with context path '/'
2026-02-14 18:25:44 INFO  o.s.c.n.e.s.EurekaAutoServiceRegistration - Updating port to 8081
2026-02-14 18:25:44 INFO  c.netflix.discovery.DiscoveryClient - DiscoveryClient_PLANS-API/DESKTOP-TT9MVFL:plans-api:8081 - registration status: 204
2026-02-14 18:25:44 INFO  com.example.demo.DemoApplication - Started DemoApplication in 13.099 seconds (process running for 1217.07)
2026-02-14 18:25:44 INFO  o.s.b.d.a.ConditionEvaluationDeltaLoggingListener - Condition evaluation delta:


==========================
CONDITION EVALUATION DELTA
==========================


Positive matches:
-----------------

    None


Negative matches:
-----------------

   SpringBootAdminClientAutoConfiguration:
      Did not match:
         - Spring Boot Client is disabled, because 'spring.boot.admin.client.url' is empty. (SpringBootAdminClientEnabledCondition)
      Matched:
         - @ConditionalOnWebApplication (required) found 'session' scope (OnWebApplicationCondition)

   SpringNativeClientAutoConfiguration:
      Did not match:
         - Spring Boot Client is disabled, because 'spring.boot.admin.client.url' is empty. (SpringBootAdminClientEnabledCondition)
      Matched:
         - @ConditionalOnWebApplication (required) found 'session' scope (OnWebApplicationCondition)


Exclusions:
-----------

    None


Unconditional classes:
----------------------

    None



2026-02-14 18:30:43 INFO  c.n.d.s.r.aws.ConfigClusterResolver - Resolving eureka endpoints via configuration
2026-02-14 18:35:43 INFO  c.n.d.s.r.aws.ConfigClusterResolver - Resolving eureka endpoints via configuration
2026-02-14 18:40:34 INFO  o.a.c.c.C.[Tomcat].[localhost].[/] - Initializing Spring DispatcherServlet 'dispatcherServlet'
2026-02-14 18:40:34 INFO  o.s.web.servlet.DispatcherServlet - Initializing Servlet 'dispatcherServlet'
2026-02-14 18:40:34 INFO  o.s.web.servlet.DispatcherServlet - Completed initialization in 10 ms
2026-02-14 18:40:44 INFO  c.n.d.s.r.aws.ConfigClusterResolver - Resolving eureka endpoints via configuration
2026-02-14 18:45:44 INFO  c.n.d.s.r.aws.ConfigClusterResolver - Resolving eureka endpoints via configuration
2026-02-14 18:50:44 INFO  c.n.d.s.r.aws.ConfigClusterResolver - Resolving eureka endpoints via configuration
2026-02-14 18:55:44 INFO  c.n.d.s.r.aws.ConfigClusterResolver - Resolving eureka endpoints via configuration
2026-02-14 19:00:44 INFO  c.n.d.s.r.aws.ConfigClusterResolver - Resolving eureka endpoints via configuration
2026-02-14 19:04:28 INFO  o.s.b.d.a.LocalDevToolsAutoConfiguration$RestartingClassPathChangeChangedEventListener - Restarting due to 3 class path changes (0 additions, 0 deletions, 3 modifications)
2026-02-14 19:04:28 INFO  o.s.c.n.e.s.EurekaServiceRegistry - Unregistering application PLANS-API with eureka with status DOWN
2026-02-14 19:04:28 INFO  c.netflix.discovery.DiscoveryClient - Saw local status change event StatusChangeEvent [timestamp=1771076068921, current=DOWN, previous=UP]
2026-02-14 19:04:28 INFO  c.netflix.discovery.DiscoveryClient - DiscoveryClient_PLANS-API/DESKTOP-TT9MVFL:plans-api:8081: registering service...
2026-02-14 19:04:29 INFO  c.netflix.discovery.DiscoveryClient - DiscoveryClient_PLANS-API/DESKTOP-TT9MVFL:plans-api:8081 - registration status: 204
2026-02-14 19:04:29 INFO  o.s.b.w.e.tomcat.GracefulShutdown - Commencing graceful shutdown. Waiting for active requests to complete
2026-02-14 19:04:29 INFO  o.a.coyote.http11.Http11NioProtocol - Pausing ProtocolHandler ["http-nio-8081"]
2026-02-14 19:04:29 INFO  o.s.b.w.e.tomcat.GracefulShutdown - Graceful shutdown complete
2026-02-14 19:04:29 INFO  o.a.coyote.http11.Http11NioProtocol - Stopping ProtocolHandler ["http-nio-8081"]
2026-02-14 19:04:29 INFO  o.s.o.j.LocalContainerEntityManagerFactoryBean - Closing JPA EntityManagerFactory for persistence unit 'default'
2026-02-14 19:04:30 INFO  com.zaxxer.hikari.HikariDataSource - HikariPool-2 - Shutdown initiated...
2026-02-14 19:04:30 INFO  com.zaxxer.hikari.HikariDataSource - HikariPool-2 - Shutdown completed.
2026-02-14 19:04:30 INFO  c.netflix.discovery.DiscoveryClient - Shutting down DiscoveryClient ...
2026-02-14 19:04:33 INFO  c.netflix.discovery.DiscoveryClient - Unregistering ...
2026-02-14 19:04:33 INFO  c.netflix.discovery.DiscoveryClient - DiscoveryClient_PLANS-API/DESKTOP-TT9MVFL:plans-api:8081 - deregister  status: 200
2026-02-14 19:04:33 INFO  c.netflix.discovery.DiscoveryClient - Completed shut down of DiscoveryClient
2026-02-14 19:04:39 INFO  com.example.demo.DemoApplication - Starting DemoApplication using Java 21.0.8 with PID 15840 (C:\Users\LAPPY SHOP\Documents\workspace-spring-tools-for-eclipse-4.32.0.RELEASE\Plans_Api\target\classes started by LAPPY SHOP in C:\Users\LAPPY SHOP\Documents\workspace-spring-tools-for-eclipse-4.32.0.RELEASE\Plans_Api)
2026-02-14 19:04:39 INFO  com.example.demo.DemoApplication - No active profile set, falling back to 1 default profile: "default"
2026-02-14 19:04:45 INFO  o.s.d.r.c.RepositoryConfigurationDelegate - Bootstrapping Spring Data JPA repositories in DEFAULT mode.
2026-02-14 19:04:45 INFO  o.s.d.r.c.RepositoryConfigurationDelegate - Finished Spring Data repository scanning in 91 ms. Found 1 JPA repository interface.
2026-02-14 19:04:46 INFO  o.s.cloud.context.scope.GenericScope - BeanFactory id=d81e2c28-3288-3856-98e5-4b8c93b5d31d
2026-02-14 19:04:48 INFO  o.s.b.w.e.tomcat.TomcatWebServer - Tomcat initialized with port 8081 (http)
2026-02-14 19:04:48 INFO  o.a.coyote.http11.Http11NioProtocol - Initializing ProtocolHandler ["http-nio-8081"]
2026-02-14 19:04:48 INFO  o.a.catalina.core.StandardService - Starting service [Tomcat]
2026-02-14 19:04:48 INFO  o.a.catalina.core.StandardEngine - Starting Servlet engine: [Apache Tomcat/10.1.36]
2026-02-14 19:04:48 INFO  o.a.c.c.C.[Tomcat].[localhost].[/] - Initializing Spring embedded WebApplicationContext
2026-02-14 19:04:48 INFO  o.s.b.w.s.c.ServletWebServerApplicationContext - Root WebApplicationContext: initialization completed in 8882 ms
2026-02-14 19:04:50 INFO  o.h.jpa.internal.util.LogHelper - HHH000204: Processing PersistenceUnitInfo [name: default]
2026-02-14 19:04:50 INFO  o.h.c.i.RegionFactoryInitiator - HHH000026: Second-level cache disabled
2026-02-14 19:04:50 INFO  o.s.o.j.p.SpringPersistenceUnitInfo - No LoadTimeWeaver setup: ignoring JPA class transformer
2026-02-14 19:04:50 INFO  com.zaxxer.hikari.HikariDataSource - HikariPool-3 - Starting...
2026-02-14 19:04:50 INFO  com.zaxxer.hikari.pool.HikariPool - HikariPool-3 - Added connection com.mysql.cj.jdbc.ConnectionImpl@12ac65ad
2026-02-14 19:04:50 INFO  com.zaxxer.hikari.HikariDataSource - HikariPool-3 - Start completed.
2026-02-14 19:04:50 WARN  org.hibernate.orm.deprecation - HHH90000025: MySQL8Dialect does not need to be specified explicitly using 'hibernate.dialect' (remove the property setting and it will be selected by default)
2026-02-14 19:04:50 WARN  org.hibernate.orm.deprecation - HHH90000026: MySQL8Dialect has been deprecated; use org.hibernate.dialect.MySQLDialect instead
2026-02-14 19:04:50 INFO  o.hibernate.orm.connections.pooling - HHH10001005: Database info:
	Database JDBC URL [Connecting through datasource 'HikariDataSource (HikariPool-3)']
	Database driver: undefined/unknown
	Database version: 8.0
	Autocommit mode: undefined/unknown
	Isolation level: undefined/unknown
	Minimum pool size: undefined/unknown
	Maximum pool size: undefined/unknown
2026-02-14 19:04:51 INFO  o.h.e.t.j.p.i.JtaPlatformInitiator - HHH000489: No JTA platform available (set 'hibernate.transaction.jta.platform' to enable JTA platform integration)
2026-02-14 19:04:51 INFO  o.s.o.j.LocalContainerEntityManagerFactoryBean - Initialized JPA EntityManagerFactory for persistence unit 'default'
2026-02-14 19:04:53 WARN  o.s.b.a.o.j.JpaBaseConfiguration$JpaWebConfiguration - spring.jpa.open-in-view is enabled by default. Therefore, database queries may be performed during view rendering. Explicitly configure spring.jpa.open-in-view to disable this warning
2026-02-14 19:04:53 WARN  o.s.b.a.s.s.UserDetailsServiceAutoConfiguration - 

Using generated security password: 955cad43-72df-4a92-8739-47a8e51cce54

This generated password is for development use only. Your security configuration must be updated before running your application in production.

2026-02-14 19:04:53 INFO  o.s.s.c.a.a.c.InitializeUserDetailsBeanManagerConfigurer$InitializeUserDetailsManagerConfigurer - Global AuthenticationManager configured with UserDetailsService bean with name inMemoryUserDetailsManager
2026-02-14 19:04:57 INFO  o.s.b.a.e.web.EndpointLinksResolver - Exposing 17 endpoints beneath base path '/actuator'
2026-02-14 19:05:02 WARN  o.s.b.d.a.OptionalLiveReloadServer - Unable to start LiveReload server
2026-02-14 19:05:02 INFO  o.s.c.n.e.c.DiscoveryClientOptionalArgsConfiguration - Eureka HTTP Client uses RestTemplate.
2026-02-14 19:05:03 WARN  o.s.c.l.c.LoadBalancerCacheAutoConfiguration$LoadBalancerCaffeineWarnLogger - Spring Cloud LoadBalancer is currently working with the default cache. While this cache implementation is useful for development and tests, it's recommended to use Caffeine cache in production.You can switch to using Caffeine cache, by adding it and org.springframework.cache.caffeine.CaffeineCacheManager to the classpath.
2026-02-14 19:05:04 INFO  o.s.c.n.eureka.InstanceInfoFactory - Setting initial instance status as: STARTING
2026-02-14 19:05:04 INFO  c.netflix.discovery.DiscoveryClient - Initializing Eureka in region us-east-1
2026-02-14 19:05:04 INFO  c.n.d.s.r.aws.ConfigClusterResolver - Resolving eureka endpoints via configuration
2026-02-14 19:05:04 INFO  c.netflix.discovery.DiscoveryClient - Disable delta property : false
2026-02-14 19:05:04 INFO  c.netflix.discovery.DiscoveryClient - Single vip registry refresh property : null
2026-02-14 19:05:04 INFO  c.netflix.discovery.DiscoveryClient - Force full registry fetch : false
2026-02-14 19:05:04 INFO  c.netflix.discovery.DiscoveryClient - Application is null : false
2026-02-14 19:05:04 INFO  c.netflix.discovery.DiscoveryClient - Registered Applications size is zero : true
2026-02-14 19:05:04 INFO  c.netflix.discovery.DiscoveryClient - Application version is -1: true
2026-02-14 19:05:04 INFO  c.netflix.discovery.DiscoveryClient - Getting all instance registry info from the eureka server
2026-02-14 19:05:04 INFO  o.s.b.d.a.LocalDevToolsAutoConfiguration$RestartingClassPathChangeChangedEventListener - Restarting due to 24 class path changes (0 additions, 0 deletions, 24 modifications)
2026-02-14 19:05:04 INFO  c.netflix.discovery.DiscoveryClient - The response status is 200
2026-02-14 19:05:04 INFO  c.netflix.discovery.DiscoveryClient - Starting heartbeat executor: renew interval is: 30
2026-02-14 19:05:04 INFO  c.n.discovery.InstanceInfoReplicator - InstanceInfoReplicator onDemand update allowed rate per min is 4
2026-02-14 19:05:04 INFO  c.netflix.discovery.DiscoveryClient - Discovery Client initialized at timestamp 1771076104366 with initial instances count: 10
2026-02-14 19:05:04 INFO  o.s.c.n.e.s.EurekaServiceRegistry - Registering application PLANS-API with eureka with status UP
2026-02-14 19:05:04 INFO  c.netflix.discovery.DiscoveryClient - Saw local status change event StatusChangeEvent [timestamp=1771076104449, current=UP, previous=STARTING]
2026-02-14 19:05:04 INFO  c.netflix.discovery.DiscoveryClient - DiscoveryClient_PLANS-API/DESKTOP-TT9MVFL:plans-api:8081: registering service...
2026-02-14 19:05:04 INFO  o.a.coyote.http11.Http11NioProtocol - Starting ProtocolHandler ["http-nio-8081"]
2026-02-14 19:05:04 INFO  c.netflix.discovery.DiscoveryClient - DiscoveryClient_PLANS-API/DESKTOP-TT9MVFL:plans-api:8081 - registration status: 204
2026-02-14 19:05:04 INFO  o.s.b.w.e.tomcat.TomcatWebServer - Tomcat started on port 8081 (http) with context path '/'
2026-02-14 19:05:04 INFO  o.s.c.n.e.s.EurekaAutoServiceRegistration - Updating port to 8081
2026-02-14 19:05:04 INFO  o.s.c.n.e.s.EurekaServiceRegistry - Unregistering application PLANS-API with eureka with status DOWN
2026-02-14 19:05:04 INFO  c.netflix.discovery.DiscoveryClient - Saw local status change event StatusChangeEvent [timestamp=1771076104789, current=DOWN, previous=UP]
2026-02-14 19:05:04 INFO  c.netflix.discovery.DiscoveryClient - DiscoveryClient_PLANS-API/DESKTOP-TT9MVFL:plans-api:8081: registering service...
2026-02-14 19:05:04 INFO  o.s.b.w.e.tomcat.GracefulShutdown - Commencing graceful shutdown. Waiting for active requests to complete
2026-02-14 19:05:04 INFO  com.example.demo.DemoApplication - Started DemoApplication in 27.711 seconds (process running for 3577.526)
2026-02-14 19:05:04 INFO  c.netflix.discovery.DiscoveryClient - DiscoveryClient_PLANS-API/DESKTOP-TT9MVFL:plans-api:8081 - registration status: 204
2026-02-14 19:05:04 INFO  o.s.b.d.a.ConditionEvaluationDeltaLoggingListener - Condition evaluation unchanged
2026-02-14 19:05:04 INFO  o.a.coyote.http11.Http11NioProtocol - Pausing ProtocolHandler ["http-nio-8081"]
2026-02-14 19:05:04 INFO  o.s.b.w.e.tomcat.GracefulShutdown - Graceful shutdown complete
2026-02-14 19:05:04 INFO  o.a.coyote.http11.Http11NioProtocol - Stopping ProtocolHandler ["http-nio-8081"]
2026-02-14 19:05:04 INFO  o.s.o.j.LocalContainerEntityManagerFactoryBean - Closing JPA EntityManagerFactory for persistence unit 'default'
2026-02-14 19:05:04 INFO  com.zaxxer.hikari.HikariDataSource - HikariPool-3 - Shutdown initiated...
2026-02-14 19:05:04 INFO  com.zaxxer.hikari.HikariDataSource - HikariPool-3 - Shutdown completed.
2026-02-14 19:05:04 INFO  c.netflix.discovery.DiscoveryClient - Shutting down DiscoveryClient ...
2026-02-14 19:05:07 INFO  c.netflix.discovery.DiscoveryClient - Unregistering ...
2026-02-14 19:05:08 INFO  c.netflix.discovery.DiscoveryClient - DiscoveryClient_PLANS-API/DESKTOP-TT9MVFL:plans-api:8081 - deregister  status: 200
2026-02-14 19:05:08 INFO  c.netflix.discovery.DiscoveryClient - Completed shut down of DiscoveryClient
2026-02-14 19:05:09 INFO  com.example.demo.DemoApplication - Starting DemoApplication using Java 21.0.8 with PID 15840 (C:\Users\LAPPY SHOP\Documents\workspace-spring-tools-for-eclipse-4.32.0.RELEASE\Plans_Api\target\classes started by LAPPY SHOP in C:\Users\LAPPY SHOP\Documents\workspace-spring-tools-for-eclipse-4.32.0.RELEASE\Plans_Api)
2026-02-14 19:05:09 INFO  com.example.demo.DemoApplication - No active profile set, falling back to 1 default profile: "default"
2026-02-14 19:05:15 INFO  o.s.d.r.c.RepositoryConfigurationDelegate - Bootstrapping Spring Data JPA repositories in DEFAULT mode.
2026-02-14 19:05:15 INFO  o.s.d.r.c.RepositoryConfigurationDelegate - Finished Spring Data repository scanning in 72 ms. Found 1 JPA repository interface.
2026-02-14 19:05:16 INFO  o.s.cloud.context.scope.GenericScope - BeanFactory id=d81e2c28-3288-3856-98e5-4b8c93b5d31d
2026-02-14 19:05:17 INFO  o.s.b.w.e.tomcat.TomcatWebServer - Tomcat initialized with port 8081 (http)
2026-02-14 19:05:17 INFO  o.a.coyote.http11.Http11NioProtocol - Initializing ProtocolHandler ["http-nio-8081"]
2026-02-14 19:05:17 INFO  o.a.catalina.core.StandardService - Starting service [Tomcat]
2026-02-14 19:05:17 INFO  o.a.catalina.core.StandardEngine - Starting Servlet engine: [Apache Tomcat/10.1.36]
2026-02-14 19:05:17 INFO  o.a.c.c.C.[Tomcat].[localhost].[/] - Initializing Spring embedded WebApplicationContext
2026-02-14 19:05:17 INFO  o.s.b.w.s.c.ServletWebServerApplicationContext - Root WebApplicationContext: initialization completed in 7925 ms
2026-02-14 19:05:18 INFO  o.h.jpa.internal.util.LogHelper - HHH000204: Processing PersistenceUnitInfo [name: default]
2026-02-14 19:05:18 INFO  o.h.c.i.RegionFactoryInitiator - HHH000026: Second-level cache disabled
2026-02-14 19:05:18 INFO  o.s.o.j.p.SpringPersistenceUnitInfo - No LoadTimeWeaver setup: ignoring JPA class transformer
2026-02-14 19:05:18 INFO  com.zaxxer.hikari.HikariDataSource - HikariPool-4 - Starting...
2026-02-14 19:05:18 INFO  com.zaxxer.hikari.pool.HikariPool - HikariPool-4 - Added connection com.mysql.cj.jdbc.ConnectionImpl@670487f6
2026-02-14 19:05:18 INFO  com.zaxxer.hikari.HikariDataSource - HikariPool-4 - Start completed.
2026-02-14 19:05:18 WARN  org.hibernate.orm.deprecation - HHH90000025: MySQL8Dialect does not need to be specified explicitly using 'hibernate.dialect' (remove the property setting and it will be selected by default)
2026-02-14 19:05:18 WARN  org.hibernate.orm.deprecation - HHH90000026: MySQL8Dialect has been deprecated; use org.hibernate.dialect.MySQLDialect instead
2026-02-14 19:05:18 INFO  o.hibernate.orm.connections.pooling - HHH10001005: Database info:
	Database JDBC URL [Connecting through datasource 'HikariDataSource (HikariPool-4)']
	Database driver: undefined/unknown
	Database version: 8.0
	Autocommit mode: undefined/unknown
	Isolation level: undefined/unknown
	Minimum pool size: undefined/unknown
	Maximum pool size: undefined/unknown
2026-02-14 19:05:18 INFO  o.h.e.t.j.p.i.JtaPlatformInitiator - HHH000489: No JTA platform available (set 'hibernate.transaction.jta.platform' to enable JTA platform integration)
2026-02-14 19:05:18 INFO  o.s.o.j.LocalContainerEntityManagerFactoryBean - Initialized JPA EntityManagerFactory for persistence unit 'default'
2026-02-14 19:05:19 WARN  o.s.b.a.o.j.JpaBaseConfiguration$JpaWebConfiguration - spring.jpa.open-in-view is enabled by default. Therefore, database queries may be performed during view rendering. Explicitly configure spring.jpa.open-in-view to disable this warning
2026-02-14 19:05:19 WARN  o.s.b.a.s.s.UserDetailsServiceAutoConfiguration - 

Using generated security password: d1617ef6-ae52-4c99-9fd5-f2bb060dbfec

This generated password is for development use only. Your security configuration must be updated before running your application in production.

2026-02-14 19:05:19 INFO  o.s.s.c.a.a.c.InitializeUserDetailsBeanManagerConfigurer$InitializeUserDetailsManagerConfigurer - Global AuthenticationManager configured with UserDetailsService bean with name inMemoryUserDetailsManager
2026-02-14 19:05:22 INFO  o.s.b.a.e.web.EndpointLinksResolver - Exposing 17 endpoints beneath base path '/actuator'
2026-02-14 19:05:24 WARN  o.s.b.d.a.OptionalLiveReloadServer - Unable to start LiveReload server
2026-02-14 19:05:24 INFO  o.s.c.n.e.c.DiscoveryClientOptionalArgsConfiguration - Eureka HTTP Client uses RestTemplate.
2026-02-14 19:05:25 WARN  o.s.c.l.c.LoadBalancerCacheAutoConfiguration$LoadBalancerCaffeineWarnLogger - Spring Cloud LoadBalancer is currently working with the default cache. While this cache implementation is useful for development and tests, it's recommended to use Caffeine cache in production.You can switch to using Caffeine cache, by adding it and org.springframework.cache.caffeine.CaffeineCacheManager to the classpath.
2026-02-14 19:05:25 INFO  o.s.c.n.eureka.InstanceInfoFactory - Setting initial instance status as: STARTING
2026-02-14 19:05:25 INFO  c.netflix.discovery.DiscoveryClient - Initializing Eureka in region us-east-1
2026-02-14 19:05:25 INFO  c.n.d.s.r.aws.ConfigClusterResolver - Resolving eureka endpoints via configuration
2026-02-14 19:05:25 INFO  c.netflix.discovery.DiscoveryClient - Disable delta property : false
2026-02-14 19:05:25 INFO  c.netflix.discovery.DiscoveryClient - Single vip registry refresh property : null
2026-02-14 19:05:25 INFO  c.netflix.discovery.DiscoveryClient - Force full registry fetch : false
2026-02-14 19:05:25 INFO  c.netflix.discovery.DiscoveryClient - Application is null : false
2026-02-14 19:05:25 INFO  c.netflix.discovery.DiscoveryClient - Registered Applications size is zero : true
2026-02-14 19:05:25 INFO  c.netflix.discovery.DiscoveryClient - Application version is -1: true
2026-02-14 19:05:25 INFO  c.netflix.discovery.DiscoveryClient - Getting all instance registry info from the eureka server
2026-02-14 19:05:25 INFO  c.netflix.discovery.DiscoveryClient - The response status is 200
2026-02-14 19:05:25 INFO  c.netflix.discovery.DiscoveryClient - Starting heartbeat executor: renew interval is: 30
2026-02-14 19:05:25 INFO  c.n.discovery.InstanceInfoReplicator - InstanceInfoReplicator onDemand update allowed rate per min is 4
2026-02-14 19:05:25 INFO  c.netflix.discovery.DiscoveryClient - Discovery Client initialized at timestamp 1771076125580 with initial instances count: 10
2026-02-14 19:05:25 INFO  o.s.c.n.e.s.EurekaServiceRegistry - Registering application PLANS-API with eureka with status UP
2026-02-14 19:05:25 INFO  c.netflix.discovery.DiscoveryClient - Saw local status change event StatusChangeEvent [timestamp=1771076125612, current=UP, previous=STARTING]
2026-02-14 19:05:25 INFO  c.netflix.discovery.DiscoveryClient - DiscoveryClient_PLANS-API/DESKTOP-TT9MVFL:plans-api:8081: registering service...
2026-02-14 19:05:25 INFO  o.a.coyote.http11.Http11NioProtocol - Starting ProtocolHandler ["http-nio-8081"]
2026-02-14 19:05:25 INFO  o.s.b.w.e.tomcat.TomcatWebServer - Tomcat started on port 8081 (http) with context path '/'
2026-02-14 19:05:25 INFO  o.s.c.n.e.s.EurekaAutoServiceRegistration - Updating port to 8081
2026-02-14 19:05:25 INFO  c.netflix.discovery.DiscoveryClient - DiscoveryClient_PLANS-API/DESKTOP-TT9MVFL:plans-api:8081 - registration status: 204
2026-02-14 19:05:25 INFO  com.example.demo.DemoApplication - Started DemoApplication in 17.335 seconds (process running for 3598.428)
2026-02-14 19:05:25 INFO  o.s.b.d.a.ConditionEvaluationDeltaLoggingListener - Condition evaluation unchanged
2026-02-14 19:05:41 INFO  o.a.c.c.C.[Tomcat].[localhost].[/] - Initializing Spring DispatcherServlet 'dispatcherServlet'
2026-02-14 19:05:41 INFO  o.s.web.servlet.DispatcherServlet - Initializing Servlet 'dispatcherServlet'
2026-02-14 19:05:41 INFO  o.s.web.servlet.DispatcherServlet - Completed initialization in 6 ms
2026-02-14 19:10:25 INFO  c.n.d.s.r.aws.ConfigClusterResolver - Resolving eureka endpoints via configuration
2026-02-14 19:15:25 INFO  c.n.d.s.r.aws.ConfigClusterResolver - Resolving eureka endpoints via configuration
2026-02-14 19:20:25 INFO  c.n.d.s.r.aws.ConfigClusterResolver - Resolving eureka endpoints via configuration
2026-02-14 19:25:25 INFO  c.n.d.s.r.aws.ConfigClusterResolver - Resolving eureka endpoints via configuration
2026-02-14 19:30:25 INFO  c.n.d.s.r.aws.ConfigClusterResolver - Resolving eureka endpoints via configuration
2026-02-14 19:35:25 INFO  c.n.d.s.r.aws.ConfigClusterResolver - Resolving eureka endpoints via configuration
2026-02-14 19:40:25 INFO  c.n.d.s.r.aws.ConfigClusterResolver - Resolving eureka endpoints via configuration
2026-02-14 19:45:25 INFO  c.n.d.s.r.aws.ConfigClusterResolver - Resolving eureka endpoints via configuration
2026-02-14 19:50:25 INFO  c.n.d.s.r.aws.ConfigClusterResolver - Resolving eureka endpoints via configuration
2026-02-14 19:55:25 INFO  c.n.d.s.r.aws.ConfigClusterResolver - Resolving eureka endpoints via configuration
2026-02-14 20:00:25 INFO  c.n.d.s.r.aws.ConfigClusterResolver - Resolving eureka endpoints via configuration
2026-02-14 20:05:25 INFO  c.n.d.s.r.aws.ConfigClusterResolver - Resolving eureka endpoints via configuration
2026-02-14 20:10:25 INFO  c.n.d.s.r.aws.ConfigClusterResolver - Resolving eureka endpoints via configuration
2026-02-14 20:15:25 INFO  c.n.d.s.r.aws.ConfigClusterResolver - Resolving eureka endpoints via configuration
2026-02-14 20:20:25 INFO  c.n.d.s.r.aws.ConfigClusterResolver - Resolving eureka endpoints via configuration
2026-02-14 20:25:25 INFO  c.n.d.s.r.aws.ConfigClusterResolver - Resolving eureka endpoints via configuration
2026-02-14 20:30:25 INFO  c.n.d.s.r.aws.ConfigClusterResolver - Resolving eureka endpoints via configuration
2026-02-14 20:35:25 INFO  c.n.d.s.r.aws.ConfigClusterResolver - Resolving eureka endpoints via configuration
2026-02-14 20:40:25 INFO  c.n.d.s.r.aws.ConfigClusterResolver - Resolving eureka endpoints via configuration
2026-02-14 20:45:26 INFO  c.n.d.s.r.aws.ConfigClusterResolver - Resolving eureka endpoints via configuration
2026-02-14 20:50:26 INFO  c.n.d.s.r.aws.ConfigClusterResolver - Resolving eureka endpoints via configuration
2026-02-14 20:55:26 INFO  c.n.d.s.r.aws.ConfigClusterResolver - Resolving eureka endpoints via configuration
2026-02-14 21:00:26 INFO  c.n.d.s.r.aws.ConfigClusterResolver - Resolving eureka endpoints via configuration
2026-02-14 21:05:26 INFO  c.n.d.s.r.aws.ConfigClusterResolver - Resolving eureka endpoints via configuration
2026-02-14 21:10:26 INFO  c.n.d.s.r.aws.ConfigClusterResolver - Resolving eureka endpoints via configuration
2026-02-14 21:15:26 INFO  c.n.d.s.r.aws.ConfigClusterResolver - Resolving eureka endpoints via configuration
2026-02-14 21:20:26 INFO  c.n.d.s.r.aws.ConfigClusterResolver - Resolving eureka endpoints via configuration
2026-02-14 21:25:26 INFO  c.n.d.s.r.aws.ConfigClusterResolver - Resolving eureka endpoints via configuration
2026-02-14 21:30:26 INFO  c.n.d.s.r.aws.ConfigClusterResolver - Resolving eureka endpoints via configuration
2026-02-14 21:35:26 INFO  c.n.d.s.r.aws.ConfigClusterResolver - Resolving eureka endpoints via configuration
2026-02-14 21:40:26 INFO  c.n.d.s.r.aws.ConfigClusterResolver - Resolving eureka endpoints via configuration
2026-02-14 21:45:26 INFO  c.n.d.s.r.aws.ConfigClusterResolver - Resolving eureka endpoints via configuration
2026-02-14 21:50:26 INFO  c.n.d.s.r.aws.ConfigClusterResolver - Resolving eureka endpoints via configuration
2026-02-14 21:55:26 INFO  c.n.d.s.r.aws.ConfigClusterResolver - Resolving eureka endpoints via configuration
2026-02-14 22:00:26 INFO  c.n.d.s.r.aws.ConfigClusterResolver - Resolving eureka endpoints via configuration
2026-02-14 22:05:26 INFO  c.n.d.s.r.aws.ConfigClusterResolver - Resolving eureka endpoints via configuration
2026-02-14 22:10:26 INFO  c.n.d.s.r.aws.ConfigClusterResolver - Resolving eureka endpoints via configuration
2026-02-14 22:15:26 INFO  c.n.d.s.r.aws.ConfigClusterResolver - Resolving eureka endpoints via configuration
2026-02-14 22:20:26 INFO  c.n.d.s.r.aws.ConfigClusterResolver - Resolving eureka endpoints via configuration
2026-02-14 22:25:26 INFO  c.n.d.s.r.aws.ConfigClusterResolver - Resolving eureka endpoints via configuration
2026-02-14 22:30:26 INFO  c.n.d.s.r.aws.ConfigClusterResolver - Resolving eureka endpoints via configuration
2026-02-14 22:35:26 INFO  c.n.d.s.r.aws.ConfigClusterResolver - Resolving eureka endpoints via configuration
2026-02-14 22:40:26 INFO  c.n.d.s.r.aws.ConfigClusterResolver - Resolving eureka endpoints via configuration
2026-02-14 22:45:26 INFO  c.n.d.s.r.aws.ConfigClusterResolver - Resolving eureka endpoints via configuration
2026-02-14 22:50:26 INFO  c.n.d.s.r.aws.ConfigClusterResolver - Resolving eureka endpoints via configuration
2026-02-14 22:55:26 INFO  c.n.d.s.r.aws.ConfigClusterResolver - Resolving eureka endpoints via configuration
2026-02-14 23:00:26 INFO  c.n.d.s.r.aws.ConfigClusterResolver - Resolving eureka endpoints via configuration
2026-02-14 23:05:26 INFO  c.n.d.s.r.aws.ConfigClusterResolver - Resolving eureka endpoints via configuration
2026-02-14 23:10:26 INFO  c.n.d.s.r.aws.ConfigClusterResolver - Resolving eureka endpoints via configuration
2026-02-14 23:15:26 INFO  c.n.d.s.r.aws.ConfigClusterResolver - Resolving eureka endpoints via configuration
2026-02-14 23:20:26 INFO  c.n.d.s.r.aws.ConfigClusterResolver - Resolving eureka endpoints via configuration
2026-02-14 23:25:26 INFO  c.n.d.s.r.aws.ConfigClusterResolver - Resolving eureka endpoints via configuration
2026-02-14 23:30:26 INFO  c.n.d.s.r.aws.ConfigClusterResolver - Resolving eureka endpoints via configuration
2026-02-14 23:35:26 INFO  c.n.d.s.r.aws.ConfigClusterResolver - Resolving eureka endpoints via configuration
2026-02-14 23:40:26 INFO  c.n.d.s.r.aws.ConfigClusterResolver - Resolving eureka endpoints via configuration
2026-02-14 23:45:26 INFO  c.n.d.s.r.aws.ConfigClusterResolver - Resolving eureka endpoints via configuration
2026-02-14 23:50:26 INFO  c.n.d.s.r.aws.ConfigClusterResolver - Resolving eureka endpoints via configuration
2026-02-14 23:55:26 INFO  c.n.d.s.r.aws.ConfigClusterResolver - Resolving eureka endpoints via configuration
